[INFO  Fri Jan 24 21:56:57 2025] ...o-tree.nvim/lua/neo-tree/sources/filesystem/commands.lua:245: Toggling hidden files: true
[INFO  Sat Jan 25 15:43:41 2025] ...o-tree.nvim/lua/neo-tree/sources/filesystem/commands.lua:245: Toggling hidden files: true
[INFO  Sat Jan 25 23:20:03 2025] ....nvim/lua/neo-tree/sources/filesystem/lib/fs_actions.lua:619: Renamed layouts successfully
[ERROR Sat Jan 25 23:34:45 2025] ...ree.nvim/lua/neo-tree/sources/filesystem/lib/fs_scan.lua:330: /home/gabrielavf/.config/zellij :  ENOENT: no such file or directory: /home/gabrielavf/.config/zellij
[INFO  Tue Jan 28 18:32:18 2025] ...o-tree.nvim/lua/neo-tree/sources/filesystem/commands.lua:242: Toggling hidden files: true
[INFO  Tue Jan 28 18:32:19 2025] ...o-tree.nvim/lua/neo-tree/sources/filesystem/commands.lua:242: Toggling hidden files: false
[INFO  Tue Jan 28 18:32:23 2025] ...o-tree.nvim/lua/neo-tree/sources/filesystem/commands.lua:242: Toggling hidden files: true
[INFO  Tue Jan 28 18:32:23 2025] ...o-tree.nvim/lua/neo-tree/sources/filesystem/commands.lua:242: Toggling hidden files: false
[INFO  Tue Jan 28 18:32:24 2025] ...o-tree.nvim/lua/neo-tree/sources/filesystem/commands.lua:242: Toggling hidden files: true
[INFO  Tue Jan 28 18:32:24 2025] ...o-tree.nvim/lua/neo-tree/sources/filesystem/commands.lua:242: Toggling hidden files: false
[INFO  Tue Jan 28 18:32:25 2025] ...o-tree.nvim/lua/neo-tree/sources/filesystem/commands.lua:242: Toggling hidden files: true
[INFO  Tue Jan 28 18:32:26 2025] ...o-tree.nvim/lua/neo-tree/sources/filesystem/commands.lua:242: Toggling hidden files: false
[INFO  Tue Jan 28 18:32:26 2025] ...o-tree.nvim/lua/neo-tree/sources/filesystem/commands.lua:242: Toggling hidden files: true
[INFO  Tue Jan 28 18:32:27 2025] ...o-tree.nvim/lua/neo-tree/sources/filesystem/commands.lua:242: Toggling hidden files: false
[INFO  Tue Jan 28 18:32:28 2025] ...o-tree.nvim/lua/neo-tree/sources/filesystem/commands.lua:242: Toggling hidden files: true
[INFO  Tue Jan 28 18:32:29 2025] ...o-tree.nvim/lua/neo-tree/sources/filesystem/commands.lua:242: Toggling hidden files: false
[INFO  Tue Jan 28 18:32:30 2025] ...o-tree.nvim/lua/neo-tree/sources/filesystem/commands.lua:242: Toggling hidden files: true
[INFO  Tue Jan 28 18:32:31 2025] ...o-tree.nvim/lua/neo-tree/sources/filesystem/commands.lua:242: Toggling hidden files: false
[INFO  Tue Jan 28 18:32:31 2025] ...o-tree.nvim/lua/neo-tree/sources/filesystem/commands.lua:242: Toggling hidden files: true
[INFO  Tue Jan 28 18:32:31 2025] ...o-tree.nvim/lua/neo-tree/sources/filesystem/commands.lua:242: Toggling hidden files: false
[INFO  Tue Jan 28 18:32:31 2025] ...o-tree.nvim/lua/neo-tree/sources/filesystem/commands.lua:242: Toggling hidden files: true
[INFO  Tue Jan 28 18:32:32 2025] ...o-tree.nvim/lua/neo-tree/sources/filesystem/commands.lua:242: Toggling hidden files: false
[INFO  Tue Jan 28 18:32:32 2025] ...o-tree.nvim/lua/neo-tree/sources/filesystem/commands.lua:242: Toggling hidden files: true
[INFO  Tue Jan 28 18:32:32 2025] ...o-tree.nvim/lua/neo-tree/sources/filesystem/commands.lua:242: Toggling hidden files: false
[INFO  Tue Jan 28 18:32:34 2025] ...o-tree.nvim/lua/neo-tree/sources/filesystem/commands.lua:242: Toggling hidden files: true
[INFO  Tue Jan 28 19:32:45 2025] ....nvim/lua/neo-tree/sources/filesystem/lib/fs_actions.lua:620: Renamed colorpreview.lua successfully
[INFO  Tue Jan 28 20:21:04 2025] ...o-tree.nvim/lua/neo-tree/sources/filesystem/commands.lua:242: Toggling hidden files: true
[INFO  Tue Jan 28 20:33:35 2025] ...y/neo-tree.nvim/lua/neo-tree/sources/common/commands.lua:213: Copied blink.lua to clipboard
[INFO  Tue Jan 28 20:45:58 2025] ...o-tree.nvim/lua/neo-tree/sources/filesystem/commands.lua:242: Toggling hidden files: true
[INFO  Tue Jan 28 21:20:34 2025] ....nvim/lua/neo-tree/sources/filesystem/lib/fs_actions.lua:620: Renamed colorpreview.lua successfully
[ERROR Tue Jan 28 22:30:37 2025] ...ree.nvim/lua/neo-tree/sources/filesystem/lib/fs_scan.lua:330: /home/gabrielavf/.config/nvim/lua/plugins :  ENOENT: no such file or directory: /home/gabrielavf/.config/nvim/lua/plugins
[ERROR Tue Jan 28 22:30:37 2025] ...ree.nvim/lua/neo-tree/sources/filesystem/lib/fs_scan.lua:330: /home/gabrielavf/.config/nvim/lua/plugins :  ENOENT: no such file or directory: /home/gabrielavf/.config/nvim/lua/plugins
[ERROR Tue Jan 28 22:30:44 2025] ...ree.nvim/lua/neo-tree/sources/filesystem/lib/fs_scan.lua:330: /home/gabrielavf/.config/nvim/lua/plugins :  ENOENT: no such file or directory: /home/gabrielavf/.config/nvim/lua/plugins
[ERROR Tue Jan 28 22:30:44 2025] ...ree.nvim/lua/neo-tree/sources/filesystem/lib/fs_scan.lua:330: /home/gabrielavf/.config/nvim/lua/plugins :  ENOENT: no such file or directory: /home/gabrielavf/.config/nvim/lua/plugins
[INFO  Wed Jan 29 01:03:51 2025] ...o-tree.nvim/lua/neo-tree/sources/filesystem/commands.lua:242: Toggling hidden files: true
[INFO  Wed Jan 29 01:06:34 2025] ...o-tree.nvim/lua/neo-tree/sources/filesystem/commands.lua:242: Toggling hidden files: true
[INFO  Wed Jan 29 01:06:37 2025] ...o-tree.nvim/lua/neo-tree/sources/filesystem/commands.lua:242: Toggling hidden files: false
[INFO  Wed Jan 29 20:50:22 2025] ...o-tree.nvim/lua/neo-tree/sources/filesystem/commands.lua:242: Toggling hidden files: true
[ERROR Wed Jan 29 20:51:07 2025] ...hare/nvim/lazy/neo-tree.nvim/lua/neo-tree/utils/init.lua:130: debounce  hijack_netrw_1000  error:  ...f/.local/share/nvim/lazy/nui.nvim/lua/nui/split/init.lua:184: BufEnter Autocommands for "*": Vim(append):Error executing lua callback: vim/_editor.lua:0: BufEnter Autocommands for "*"..script nvim_exec2() called at BufEnter Autocommands for "*":0: Vim:E492: Not an editor command: Autosave on
stack traceback:
	[C]: in function 'nvim_exec2'
	vim/_editor.lua: in function 'cmd'
	/home/gabrielavf/.config/nvim/lua/config/autocmds.lua:18: in function </home/gabrielavf/.config/nvim/lua/config/autocmds.lua:16>
	[C]: in function 'nvim_set_current_win'
	...f/.local/share/nvim/lazy/nui.nvim/lua/nui/split/init.lua:184: in function '_open_window'
	...f/.local/share/nvim/lazy/nui.nvim/lua/nui/split/init.lua:257: in function 'mount'
	...are/nvim/lazy/neo-tree.nvim/lua/neo-tree/ui/renderer.lua:1021: in function 'acquire_window'
	...ree.nvim/lua/neo-tree/sources/filesystem/lib/fs_scan.lua:545: in function 'get_items'
	...y/neo-tree.nvim/lua/neo-tree/sources/filesystem/init.lua:150: in function '_navigate_internal'
	...are/nvim/lazy/neo-tree.nvim/lua/neo-tree/setup/netrw.lua:97: in function <...are/nvim/lazy/neo-tree.nvim/lua/neo-tree/setup/netrw.lua:53>
	[C]: in function 'pcall'
	...hare/nvim/lazy/neo-tree.nvim/lua/neo-tree/utils/init.lua:124: in function 'debounce'
	...hare/nvim/lazy/neo-tree.nvim/lua/neo-tree/utils/init.lua:69: in function ''
	vim/_editor.lua: in function ''
	vim/_editor.lua: in function <vim/_editor.lua:0>
[ERROR Wed Jan 29 20:51:38 2025] ...hare/nvim/lazy/neo-tree.nvim/lua/neo-tree/utils/init.lua:130: debounce  filesystem_navigate  error:  ...f/.local/share/nvim/lazy/nui.nvim/lua/nui/split/init.lua:184: BufEnter Autocommands for "*": Vim(append):Error executing lua callback: vim/_editor.lua:0: BufEnter Autocommands for "*"..script nvim_exec2() called at BufEnter Autocommands for "*":0: Vim:E492: Not an editor command: Autosave on
stack traceback:
	[C]: in function 'nvim_exec2'
	vim/_editor.lua: in function 'cmd'
	/home/gabrielavf/.config/nvim/lua/config/autocmds.lua:18: in function </home/gabrielavf/.config/nvim/lua/config/autocmds.lua:16>
	[C]: in function 'nvim_set_current_win'
	...f/.local/share/nvim/lazy/nui.nvim/lua/nui/split/init.lua:184: in function '_open_window'
	...f/.local/share/nvim/lazy/nui.nvim/lua/nui/split/init.lua:257: in function 'mount'
	...are/nvim/lazy/neo-tree.nvim/lua/neo-tree/ui/renderer.lua:1021: in function 'acquire_window'
	...ree.nvim/lua/neo-tree/sources/filesystem/lib/fs_scan.lua:545: in function 'get_items'
	...y/neo-tree.nvim/lua/neo-tree/sources/filesystem/init.lua:150: in function '_navigate_internal'
	...y/neo-tree.nvim/lua/neo-tree/sources/filesystem/init.lua:171: in function <...y/neo-tree.nvim/lua/neo-tree/sources/filesystem/init.lua:170>
	[C]: in function 'pcall'
	...hare/nvim/lazy/neo-tree.nvim/lua/neo-tree/utils/init.lua:124: in function 'debounce'
	...y/neo-tree.nvim/lua/neo-tree/sources/filesystem/init.lua:170: in function 'navigate'
	...nvim/lazy/neo-tree.nvim/lua/neo-tree/sources/manager.lua:494: in function 'navigate'
	...re/nvim/lazy/neo-tree.nvim/lua/neo-tree/command/init.lua:204: in function 'do_show_or_focus'
	...re/nvim/lazy/neo-tree.nvim/lua/neo-tree/command/init.lua:163: in function 'execute'
	...l/share/nvim/lazy/LazyVim/lua/lazyvim/plugins/editor.lua:11: in function <...l/share/nvim/lazy/LazyVim/lua/lazyvim/plugins/editor.lua:10>
[ERROR Wed Jan 29 20:51:42 2025] ...hare/nvim/lazy/neo-tree.nvim/lua/neo-tree/utils/init.lua:130: debounce  filesystem_navigate  error:  ...f/.local/share/nvim/lazy/nui.nvim/lua/nui/split/init.lua:184: BufEnter Autocommands for "*": Vim(append):Error executing lua callback: vim/_editor.lua:0: BufEnter Autocommands for "*"..script nvim_exec2() called at BufEnter Autocommands for "*":0: Vim:E492: Not an editor command: Autosave on
stack traceback:
	[C]: in function 'nvim_exec2'
	vim/_editor.lua: in function 'cmd'
	/home/gabrielavf/.config/nvim/lua/config/autocmds.lua:18: in function </home/gabrielavf/.config/nvim/lua/config/autocmds.lua:16>
	[C]: in function 'nvim_set_current_win'
	...f/.local/share/nvim/lazy/nui.nvim/lua/nui/split/init.lua:184: in function '_open_window'
	...f/.local/share/nvim/lazy/nui.nvim/lua/nui/split/init.lua:257: in function 'mount'
	...are/nvim/lazy/neo-tree.nvim/lua/neo-tree/ui/renderer.lua:1021: in function 'acquire_window'
	...ree.nvim/lua/neo-tree/sources/filesystem/lib/fs_scan.lua:545: in function 'get_items'
	...y/neo-tree.nvim/lua/neo-tree/sources/filesystem/init.lua:150: in function '_navigate_internal'
	...y/neo-tree.nvim/lua/neo-tree/sources/filesystem/init.lua:171: in function <...y/neo-tree.nvim/lua/neo-tree/sources/filesystem/init.lua:170>
	[C]: in function 'pcall'
	...hare/nvim/lazy/neo-tree.nvim/lua/neo-tree/utils/init.lua:124: in function 'debounce'
	...y/neo-tree.nvim/lua/neo-tree/sources/filesystem/init.lua:170: in function 'navigate'
	...nvim/lazy/neo-tree.nvim/lua/neo-tree/sources/manager.lua:494: in function 'navigate'
	...re/nvim/lazy/neo-tree.nvim/lua/neo-tree/command/init.lua:204: in function 'do_show_or_focus'
	...re/nvim/lazy/neo-tree.nvim/lua/neo-tree/command/init.lua:163: in function 'execute'
	...l/share/nvim/lazy/LazyVim/lua/lazyvim/plugins/editor.lua:11: in function <...l/share/nvim/lazy/LazyVim/lua/lazyvim/plugins/editor.lua:10>
[ERROR Wed Jan 29 20:51:46 2025] ...hare/nvim/lazy/neo-tree.nvim/lua/neo-tree/utils/init.lua:130: debounce  filesystem_navigate  error:  ...f/.local/share/nvim/lazy/nui.nvim/lua/nui/split/init.lua:184: BufEnter Autocommands for "*": Vim(append):Error executing lua callback: vim/_editor.lua:0: BufEnter Autocommands for "*"..script nvim_exec2() called at BufEnter Autocommands for "*":0: Vim:E492: Not an editor command: Autosave on
stack traceback:
	[C]: in function 'nvim_exec2'
	vim/_editor.lua: in function 'cmd'
	/home/gabrielavf/.config/nvim/lua/config/autocmds.lua:18: in function </home/gabrielavf/.config/nvim/lua/config/autocmds.lua:16>
	[C]: in function 'nvim_set_current_win'
	...f/.local/share/nvim/lazy/nui.nvim/lua/nui/split/init.lua:184: in function '_open_window'
	...f/.local/share/nvim/lazy/nui.nvim/lua/nui/split/init.lua:257: in function 'mount'
	...are/nvim/lazy/neo-tree.nvim/lua/neo-tree/ui/renderer.lua:1021: in function 'acquire_window'
	...ree.nvim/lua/neo-tree/sources/filesystem/lib/fs_scan.lua:545: in function 'get_items'
	...y/neo-tree.nvim/lua/neo-tree/sources/filesystem/init.lua:150: in function '_navigate_internal'
	...y/neo-tree.nvim/lua/neo-tree/sources/filesystem/init.lua:171: in function <...y/neo-tree.nvim/lua/neo-tree/sources/filesystem/init.lua:170>
	[C]: in function 'pcall'
	...hare/nvim/lazy/neo-tree.nvim/lua/neo-tree/utils/init.lua:124: in function 'debounce'
	...y/neo-tree.nvim/lua/neo-tree/sources/filesystem/init.lua:170: in function 'navigate'
	...nvim/lazy/neo-tree.nvim/lua/neo-tree/sources/manager.lua:494: in function 'navigate'
	...re/nvim/lazy/neo-tree.nvim/lua/neo-tree/command/init.lua:204: in function 'do_show_or_focus'
	...re/nvim/lazy/neo-tree.nvim/lua/neo-tree/command/init.lua:163: in function 'execute'
	...l/share/nvim/lazy/LazyVim/lua/lazyvim/plugins/editor.lua:11: in function <...l/share/nvim/lazy/LazyVim/lua/lazyvim/plugins/editor.lua:10>
[ERROR Wed Jan 29 20:55:18 2025] ...hare/nvim/lazy/neo-tree.nvim/lua/neo-tree/utils/init.lua:130: debounce  hijack_netrw_1000  error:  ...f/.local/share/nvim/lazy/nui.nvim/lua/nui/split/init.lua:184: BufEnter Autocommands for "*": Vim(append):Error executing lua callback: vim/_editor.lua:0: BufEnter Autocommands for "*"..script nvim_exec2() called at BufEnter Autocommands for "*":0: Vim:E492: Not an editor command: Autosave on
stack traceback:
	[C]: in function 'nvim_exec2'
	vim/_editor.lua: in function 'cmd'
	/home/gabrielavf/.config/nvim/lua/config/autocmds.lua:17: in function </home/gabrielavf/.config/nvim/lua/config/autocmds.lua:15>
	[C]: in function 'nvim_set_current_win'
	...f/.local/share/nvim/lazy/nui.nvim/lua/nui/split/init.lua:184: in function '_open_window'
	...f/.local/share/nvim/lazy/nui.nvim/lua/nui/split/init.lua:257: in function 'mount'
	...are/nvim/lazy/neo-tree.nvim/lua/neo-tree/ui/renderer.lua:1021: in function 'acquire_window'
	...ree.nvim/lua/neo-tree/sources/filesystem/lib/fs_scan.lua:545: in function 'get_items'
	...y/neo-tree.nvim/lua/neo-tree/sources/filesystem/init.lua:150: in function '_navigate_internal'
	...are/nvim/lazy/neo-tree.nvim/lua/neo-tree/setup/netrw.lua:97: in function <...are/nvim/lazy/neo-tree.nvim/lua/neo-tree/setup/netrw.lua:53>
	[C]: in function 'pcall'
	...hare/nvim/lazy/neo-tree.nvim/lua/neo-tree/utils/init.lua:124: in function 'debounce'
	...hare/nvim/lazy/neo-tree.nvim/lua/neo-tree/utils/init.lua:69: in function ''
	vim/_editor.lua: in function ''
	vim/_editor.lua: in function <vim/_editor.lua:0>
[ERROR Wed Jan 29 20:55:36 2025] ...hare/nvim/lazy/neo-tree.nvim/lua/neo-tree/utils/init.lua:130: debounce  hijack_netrw_1000  error:  ...f/.local/share/nvim/lazy/nui.nvim/lua/nui/split/init.lua:184: BufEnter Autocommands for "*": Vim(append):Error executing lua callback: vim/_editor.lua:0: BufEnter Autocommands for "*"..script nvim_exec2() called at BufEnter Autocommands for "*":0: Vim:E492: Not an editor command: Autosave on
stack traceback:
	[C]: in function 'nvim_exec2'
	vim/_editor.lua: in function 'cmd'
	/home/gabrielavf/.config/nvim/lua/config/autocmds.lua:17: in function </home/gabrielavf/.config/nvim/lua/config/autocmds.lua:15>
	[C]: in function 'nvim_set_current_win'
	...f/.local/share/nvim/lazy/nui.nvim/lua/nui/split/init.lua:184: in function '_open_window'
	...f/.local/share/nvim/lazy/nui.nvim/lua/nui/split/init.lua:257: in function 'mount'
	...are/nvim/lazy/neo-tree.nvim/lua/neo-tree/ui/renderer.lua:1021: in function 'acquire_window'
	...ree.nvim/lua/neo-tree/sources/filesystem/lib/fs_scan.lua:545: in function 'get_items'
	...y/neo-tree.nvim/lua/neo-tree/sources/filesystem/init.lua:150: in function '_navigate_internal'
	...are/nvim/lazy/neo-tree.nvim/lua/neo-tree/setup/netrw.lua:97: in function <...are/nvim/lazy/neo-tree.nvim/lua/neo-tree/setup/netrw.lua:53>
	[C]: in function 'pcall'
	...hare/nvim/lazy/neo-tree.nvim/lua/neo-tree/utils/init.lua:124: in function 'debounce'
	...hare/nvim/lazy/neo-tree.nvim/lua/neo-tree/utils/init.lua:69: in function ''
	vim/_editor.lua: in function ''
	vim/_editor.lua: in function <vim/_editor.lua:0>
[ERROR Wed Jan 29 21:00:20 2025] ...hare/nvim/lazy/neo-tree.nvim/lua/neo-tree/utils/init.lua:130: debounce  hijack_netrw_1000  error:  ...f/.local/share/nvim/lazy/nui.nvim/lua/nui/split/init.lua:184: BufEnter Autocommands for "*": Vim(append):Error executing lua callback: vim/_editor.lua:0: BufEnter Autocommands for "*"..script nvim_exec2() called at BufEnter Autocommands for "*":0: Vim:E492: Not an editor command: Autosave on
stack traceback:
	[C]: in function 'nvim_exec2'
	vim/_editor.lua: in function 'cmd'
	/home/gabrielavf/.config/nvim/lua/config/autocmds.lua:17: in function </home/gabrielavf/.config/nvim/lua/config/autocmds.lua:15>
	[C]: in function 'nvim_set_current_win'
	...f/.local/share/nvim/lazy/nui.nvim/lua/nui/split/init.lua:184: in function '_open_window'
	...f/.local/share/nvim/lazy/nui.nvim/lua/nui/split/init.lua:257: in function 'mount'
	...are/nvim/lazy/neo-tree.nvim/lua/neo-tree/ui/renderer.lua:1021: in function 'acquire_window'
	...ree.nvim/lua/neo-tree/sources/filesystem/lib/fs_scan.lua:545: in function 'get_items'
	...y/neo-tree.nvim/lua/neo-tree/sources/filesystem/init.lua:150: in function '_navigate_internal'
	...are/nvim/lazy/neo-tree.nvim/lua/neo-tree/setup/netrw.lua:97: in function <...are/nvim/lazy/neo-tree.nvim/lua/neo-tree/setup/netrw.lua:53>
	[C]: in function 'pcall'
	...hare/nvim/lazy/neo-tree.nvim/lua/neo-tree/utils/init.lua:124: in function 'debounce'
	...hare/nvim/lazy/neo-tree.nvim/lua/neo-tree/utils/init.lua:69: in function ''
	vim/_editor.lua: in function ''
	vim/_editor.lua: in function <vim/_editor.lua:0>
[ERROR Wed Jan 29 21:03:01 2025] ...hare/nvim/lazy/neo-tree.nvim/lua/neo-tree/utils/init.lua:130: debounce  hijack_netrw_1000  error:  ...f/.local/share/nvim/lazy/nui.nvim/lua/nui/split/init.lua:184: BufEnter Autocommands for "*": Vim(append):Error executing lua callback: vim/_editor.lua:0: BufEnter Autocommands for "*"..script nvim_exec2() called at BufEnter Autocommands for "*":0: Vim:E492: Not an editor command: AutoSave on
stack traceback:
	[C]: in function 'nvim_exec2'
	vim/_editor.lua: in function 'cmd'
	/home/gabrielavf/.config/nvim/lua/config/autocmds.lua:17: in function </home/gabrielavf/.config/nvim/lua/config/autocmds.lua:15>
	[C]: in function 'nvim_set_current_win'
	...f/.local/share/nvim/lazy/nui.nvim/lua/nui/split/init.lua:184: in function '_open_window'
	...f/.local/share/nvim/lazy/nui.nvim/lua/nui/split/init.lua:257: in function 'mount'
	...are/nvim/lazy/neo-tree.nvim/lua/neo-tree/ui/renderer.lua:1021: in function 'acquire_window'
	...ree.nvim/lua/neo-tree/sources/filesystem/lib/fs_scan.lua:545: in function 'get_items'
	...y/neo-tree.nvim/lua/neo-tree/sources/filesystem/init.lua:150: in function '_navigate_internal'
	...are/nvim/lazy/neo-tree.nvim/lua/neo-tree/setup/netrw.lua:97: in function <...are/nvim/lazy/neo-tree.nvim/lua/neo-tree/setup/netrw.lua:53>
	[C]: in function 'pcall'
	...hare/nvim/lazy/neo-tree.nvim/lua/neo-tree/utils/init.lua:124: in function 'debounce'
	...hare/nvim/lazy/neo-tree.nvim/lua/neo-tree/utils/init.lua:69: in function ''
	vim/_editor.lua: in function ''
	vim/_editor.lua: in function <vim/_editor.lua:0>
[ERROR Wed Jan 29 21:32:44 2025] ...hare/nvim/lazy/neo-tree.nvim/lua/neo-tree/utils/init.lua:820: Error opening file: vim/_editor.lua:0: Keyboard interrupt
[INFO  Thu Jan 30 21:44:26 2025] ...ree.nvim/lua/neo-tree/sources/filesystem/lib/fs_scan.lua:110: No items, skipping git ignored/status lookups
[INFO  Thu Jan 30 23:04:07 2025] ...o-tree.nvim/lua/neo-tree/sources/filesystem/commands.lua:242: Toggling hidden files: true
[INFO  Fri Jan 31 23:28:52 2025] ....nvim/lua/neo-tree/sources/filesystem/lib/fs_actions.lua:620: Renamed color-highlight.lua successfully
[INFO  Sat Feb  1 15:43:45 2025] ...ree.nvim/lua/neo-tree/sources/filesystem/lib/fs_scan.lua:110: No items, skipping git ignored/status lookups
[INFO  Sat Feb  1 16:02:29 2025] ....nvim/lua/neo-tree/sources/filesystem/lib/fs_actions.lua:620: Renamed 02_distinc.sql successfully
[INFO  Sat Feb  1 16:02:52 2025] ....nvim/lua/neo-tree/sources/filesystem/lib/fs_actions.lua:620: Renamed 01_select.sql successfully
[INFO  Sat Feb  1 20:15:40 2025] ...o-tree.nvim/lua/neo-tree/sources/filesystem/commands.lua:242: Toggling hidden files: true
[INFO  Sat Feb  1 22:30:58 2025] ...ree.nvim/lua/neo-tree/sources/filesystem/lib/fs_scan.lua:110: No items, skipping git ignored/status lookups
[INFO  Sat Feb  1 22:31:16 2025] ...ree.nvim/lua/neo-tree/sources/filesystem/lib/fs_scan.lua:110: No items, skipping git ignored/status lookups
[INFO  Sat Feb  1 22:37:26 2025] ...o-tree.nvim/lua/neo-tree/sources/filesystem/commands.lua:242: Toggling hidden files: true
[INFO  Sat Feb  1 22:37:26 2025] ...o-tree.nvim/lua/neo-tree/sources/filesystem/commands.lua:242: Toggling hidden files: false
[INFO  Sat Feb  1 22:52:14 2025] ....nvim/lua/neo-tree/sources/filesystem/lib/fs_actions.lua:620: Renamed 01_os_info.js successfully
[INFO  Mon Feb  3 10:38:31 2025] ...y/neo-tree.nvim/lua/neo-tree/sources/common/commands.lua:213: Copied 01_os_info.js to clipboard
[INFO  Mon Feb  3 10:38:32 2025] ...y/neo-tree.nvim/lua/neo-tree/sources/common/commands.lua:213: Copied 02_file_sistem.js to clipboard
[INFO  Mon Feb  3 10:38:33 2025] ...y/neo-tree.nvim/lua/neo-tree/sources/common/commands.lua:213: Copied 06_server.js to clipboard
[INFO  Mon Feb  3 10:38:34 2025] ...y/neo-tree.nvim/lua/neo-tree/sources/common/commands.lua:213: Copied 07_server_free_port.js to clipboard
[INFO  Mon Feb  3 10:38:34 2025] ...y/neo-tree.nvim/lua/neo-tree/sources/common/commands.lua:213: Copied text.txt to clipboard
[INFO  Mon Feb  3 10:38:51 2025] ...y/neo-tree.nvim/lua/neo-tree/sources/common/commands.lua:247: Cut 01_os_info.js to clipboard
[INFO  Mon Feb  3 10:38:51 2025] ...y/neo-tree.nvim/lua/neo-tree/sources/common/commands.lua:247: Cut 02_file_sistem.js to clipboard
[INFO  Mon Feb  3 10:38:51 2025] ...y/neo-tree.nvim/lua/neo-tree/sources/common/commands.lua:247: Cut 06_server.js to clipboard
[INFO  Mon Feb  3 10:38:52 2025] ...y/neo-tree.nvim/lua/neo-tree/sources/common/commands.lua:247: Cut 07_server_free_port.js to clipboard
[INFO  Mon Feb  3 10:38:52 2025] ...y/neo-tree.nvim/lua/neo-tree/sources/common/commands.lua:247: Cut text.txt to clipboard
[INFO  Mon Feb  3 10:39:06 2025] ....nvim/lua/neo-tree/sources/filesystem/lib/fs_actions.lua:545: Deleted directory  /home/gabrielavf/webprojects/node_js_course/class_01
[WARN  Mon Feb  3 10:39:20 2025] ....nvim/lua/neo-tree/sources/filesystem/lib/fs_actions.lua:626: Could not rename the files
[INFO  Mon Feb  3 10:39:40 2025] ...y/neo-tree.nvim/lua/neo-tree/sources/common/commands.lua:247: Cut 01_os_info.js to clipboard
[INFO  Mon Feb  3 10:39:40 2025] ...y/neo-tree.nvim/lua/neo-tree/sources/common/commands.lua:247: Cut 02_file_sistem.js to clipboard
[INFO  Mon Feb  3 10:39:40 2025] ...y/neo-tree.nvim/lua/neo-tree/sources/common/commands.lua:247: Cut 06_server.js to clipboard
[INFO  Mon Feb  3 10:39:41 2025] ...y/neo-tree.nvim/lua/neo-tree/sources/common/commands.lua:247: Cut 07_server_free_port.js to clipboard
[INFO  Mon Feb  3 10:39:41 2025] ...y/neo-tree.nvim/lua/neo-tree/sources/common/commands.lua:247: Cut text.txt to clipboard
[INFO  Mon Feb  3 10:39:44 2025] ...y/neo-tree.nvim/lua/neo-tree/sources/common/commands.lua:247: Cut mjs to clipboard
[INFO  Mon Feb  3 10:39:44 2025] ...y/neo-tree.nvim/lua/neo-tree/sources/common/commands.lua:247: Cut cjs to clipboard
[INFO  Mon Feb  3 10:44:37 2025] ...o-tree.nvim/lua/neo-tree/sources/filesystem/commands.lua:242: Toggling hidden files: true
[INFO  Mon Feb  3 14:16:57 2025] ...o-tree.nvim/lua/neo-tree/sources/filesystem/commands.lua:242: Toggling hidden files: false
[INFO  Tue Feb  4 00:59:58 2025] ...o-tree.nvim/lua/neo-tree/sources/filesystem/commands.lua:242: Toggling hidden files: true
[INFO  Tue Feb  4 14:34:08 2025] ...o-tree.nvim/lua/neo-tree/sources/filesystem/commands.lua:242: Toggling hidden files: true
[INFO  Tue Feb  4 14:34:08 2025] ...o-tree.nvim/lua/neo-tree/sources/filesystem/commands.lua:242: Toggling hidden files: false
[INFO  Tue Feb  4 14:34:09 2025] ...o-tree.nvim/lua/neo-tree/sources/filesystem/commands.lua:242: Toggling hidden files: true
[INFO  Tue Feb  4 14:34:09 2025] ...o-tree.nvim/lua/neo-tree/sources/filesystem/commands.lua:242: Toggling hidden files: false
[INFO  Thu Feb 13 17:17:13 2025] ...ree.nvim/lua/neo-tree/sources/filesystem/lib/fs_scan.lua:110: No items, skipping git ignored/status lookups
[INFO  Thu Feb 13 17:35:18 2025] ...y/neo-tree.nvim/lua/neo-tree/sources/common/commands.lua:220: Copied index.html to clipboard
[INFO  Thu Feb 13 17:35:19 2025] ...y/neo-tree.nvim/lua/neo-tree/sources/common/commands.lua:220: Copied main.js to clipboard
[INFO  Thu Feb 13 17:35:20 2025] ...y/neo-tree.nvim/lua/neo-tree/sources/common/commands.lua:220: Copied style.css to clipboard
[INFO  Thu Feb 13 17:35:33 2025] ...y/neo-tree.nvim/lua/neo-tree/sources/common/commands.lua:254: Cut main.js to clipboard
[INFO  Thu Feb 13 17:35:34 2025] ...y/neo-tree.nvim/lua/neo-tree/sources/common/commands.lua:254: Cut style.css to clipboard
[WARN  Thu Feb 20 17:43:07 2025] ...y/neo-tree.nvim/lua/neo-tree/sources/common/commands.lua:626: The `delete` command can only be used on files and directories
[INFO  Thu Feb 20 17:56:06 2025] ....nvim/lua/neo-tree/sources/filesystem/lib/fs_actions.lua:545: Deleted directory  /mnt/f/webProjects/curso de react/test
[INFO  Thu Feb 20 17:56:46 2025] ....nvim/lua/neo-tree/sources/filesystem/lib/fs_actions.lua:545: Deleted directory  /mnt/f/webProjects/test
[INFO  Thu Feb 20 18:09:19 2025] ...o-tree.nvim/lua/neo-tree/sources/filesystem/commands.lua:242: Toggling hidden files: true
