[17:02:09.670][info] [#0:/home/gabrielavf/.local/share/nvim/mason/packages/lua-language-server/libexec/main.lua:68]: Lua Lsp startup, root: 	/home/gabrielavf/.local/share/nvim/mason/packages/lua-language-server/libexec
[17:02:09.670][info] [#0:/home/gabrielavf/.local/share/nvim/mason/packages/lua-language-server/libexec/main.lua:69]: ROOT:	/home/gabrielavf/.local/share/nvim/mason/packages/lua-language-server/libexec
[17:02:09.670][info] [#0:/home/gabrielavf/.local/share/nvim/mason/packages/lua-language-server/libexec/main.lua:70]: LOGPATH:	/home/gabrielavf/.local/share/nvim/mason/packages/lua-language-server/libexec/log
[17:02:09.670][info] [#0:/home/gabrielavf/.local/share/nvim/mason/packages/lua-language-server/libexec/main.lua:71]: METAPATH:	/home/gabrielavf/.local/share/nvim/mason/packages/lua-language-server/libexec/meta
[17:02:09.671][info] [#0:/home/gabrielavf/.local/share/nvim/mason/packages/lua-language-server/libexec/main.lua:72]: VERSION:	3.10.6
[17:02:09.718][info] [#0:script/proto/proto.lua:260]: Listen Mode: stdio
[17:02:09.718][info] [#0:script/service/service.lua:146]: 
========= Medical Examination Report =========
    --------------- Memory ---------------
        Total: 2.236 MB
        # 00 : 2.236 MB
        # 01 : 0.000 MB
        # 02 : 0.000 MB
        # 03 : 0.000 MB
        # 04 : 0.000 MB
    --------------- Coroutine ---------------
        Total:     0
        Running:   0
        Suspended: 0
        Normal:    0
        Dead:      0
    --------------- Cache ---------------
        Total: 1
        Dead:  0
    ---------------  RPC  ---------------
        Holdon:   0
        Waiting:  0
==============================================
[17:02:09.829][info] [#0:script/client.lua:657]: Client init	{
  capabilities = {
    general = {
      positionEncodings = { "utf-16" }
    },
    textDocument = {
      callHierarchy = {
        dynamicRegistration = false
      },
      codeAction = {
        codeActionLiteralSupport = {
          codeActionKind = {
            valueSet = { "", "quickfix", "refactor", "refactor.extract", "refactor.inline", "refactor.rewrite", "source", "source.organizeImports" }
          }
        },
        dataSupport = true,
        dynamicRegistration = true,
        isPreferredSupport = true,
        resolveSupport = {
          properties = { "edit" }
        }
      },
      completion = {
        completionItem = {
          commitCharactersSupport = false,
          deprecatedSupport = true,
          documentationFormat = { "markdown", "plaintext" },
          insertReplaceSupport = true,
          insertTextModeSupport = {
            valueSet = { 1 }
          },
          labelDetailsSupport = true,
          preselectSupport = false,
          resolveSupport = {
            properties = { "documentation", "detail", "additionalTextEdits" }
          },
          snippetSupport = true,
          tagSupport = {
            valueSet = { 1 }
          }
        },
        completionItemKind = {
          valueSet = { 1, 2, 3, 4, 5, 6, 7, 8, 9, 10, 11, 12, 13, 14, 15, 16, 17, 18, 19, 20, 21, 22, 23, 24, 25 }
        },
        completionList = {
          itemDefaults = { "commitCharacters", "editRange", "insertTextFormat", "insertTextMode", "data" }
        },
        contextSupport = true,
        dynamicRegistration = false,
        insertTextMode = 1
      },
      declaration = {
        linkSupport = true
      },
      definition = {
        dynamicRegistration = true,
        linkSupport = true
      },
      diagnostic = {
        dynamicRegistration = false
      },
      documentHighlight = {
        dynamicRegistration = false
      },
      documentSymbol = {
        dynamicRegistration = false,
        hierarchicalDocumentSymbolSupport = true,
        symbolKind = {
          valueSet = { 1, 2, 3, 4, 5, 6, 7, 8, 9, 10, 11, 12, 13, 14, 15, 16, 17, 18, 19, 20, 21, 22, 23, 24, 25, 26 }
        }
      },
      formatting = {
        dynamicRegistration = true
      },
      hover = {
        contentFormat = { "markdown", "plaintext" },
        dynamicRegistration = true
      },
      implementation = {
        linkSupport = true
      },
      inlayHint = {
        dynamicRegistration = true,
        resolveSupport = {
          properties = { "textEdits", "tooltip", "location", "command" }
        }
      },
      publishDiagnostics = {
        dataSupport = true,
        relatedInformation = true,
        tagSupport = {
          valueSet = { 1, 2 }
        }
      },
      rangeFormatting = {
        dynamicRegistration = true
      },
      references = {
        dynamicRegistration = false
      },
      rename = {
        dynamicRegistration = true,
        prepareSupport = true
      },
      semanticTokens = {
        augmentsSyntaxTokens = true,
        dynamicRegistration = false,
        formats = { "relative" },
        multilineTokenSupport = false,
        overlappingTokenSupport = true,
        requests = {
          full = {
            delta = true
          },
          range = false
        },
        serverCancelSupport = false,
        tokenModifiers = { "declaration", "definition", "readonly", "static", "deprecated", "abstract", "async", "modification", "documentation", "defaultLibrary" },
        tokenTypes = { "namespace", "type", "class", "enum", "interface", "struct", "typeParameter", "parameter", "variable", "property", "enumMember", "event", "function", "method", "macro", "keyword", "modifier", "comment", "string", "number", "regexp", "operator", "decorator" }
      },
      signatureHelp = {
        dynamicRegistration = false,
        signatureInformation = {
          activeParameterSupport = true,
          documentationFormat = { "markdown", "plaintext" },
          parameterInformation = {
            labelOffsetSupport = true
          }
        }
      },
      synchronization = {
        didSave = true,
        dynamicRegistration = false,
        willSave = true,
        willSaveWaitUntil = true
      },
      typeDefinition = {
        linkSupport = true
      }
    },
    window = {
      showDocument = {
        support = true
      },
      showMessage = {
        messageActionItem = {
          additionalPropertiesSupport = false
        }
      },
      workDoneProgress = true
    },
    workspace = {
      applyEdit = true,
      configuration = true,
      didChangeConfiguration = {
        dynamicRegistration = false
      },
      didChangeWatchedFiles = {
        dynamicRegistration = false,
        relativePatternSupport = true
      },
      fileOperations = {
        didRename = true,
        willRename = true
      },
      inlayHint = {
        refreshSupport = true
      },
      semanticTokens = {
        refreshSupport = true
      },
      symbol = {
        dynamicRegistration = false,
        symbolKind = {
          valueSet = { 1, 2, 3, 4, 5, 6, 7, 8, 9, 10, 11, 12, 13, 14, 15, 16, 17, 18, 19, 20, 21, 22, 23, 24, 25, 26 }
        }
      },
      workspaceEdit = {
        resourceOperations = { "rename", "create", "delete" }
      },
      workspaceFolders = true
    }
  },
  clientInfo = {
    name = "Neovim",
    version = "0.10.3"
  },
  initializationOptions = {},
  processId = 252155,
  rootPath = "/home/gabrielavf/.local/share/nvim/lazy/codeium.nvim",
  rootUri = "file:///home/gabrielavf/.local/share/nvim/lazy/codeium.nvim",
  trace = "off",
  workDoneToken = "1",
  workspaceFolders = { {
      name = "/home/gabrielavf/.local/share/nvim/lazy/codeium.nvim",
      uri = "file:///home/gabrielavf/.local/share/nvim/lazy/codeium.nvim"
    } }
}
[17:02:09.830][info] [#0:script/language.lua:137]: VSC language: nil
[17:02:09.830][info] [#0:script/language.lua:138]: LS  language: en-us
[17:02:09.830][info] [#0:script/workspace/workspace.lua:38]: Workspace init root: 	file:///home/gabrielavf/.local/share/nvim/lazy/codeium.nvim
[17:02:09.830][info] [#0:script/workspace/workspace.lua:42]: Log path: 	/home/gabrielavf/.local/share/nvim/mason/packages/lua-language-server/libexec/log/file_home_gabrielavf_.local_share_nvim_lazy_codeium.nvim.log
[17:02:09.830][info] [#0:script/workspace/workspace.lua:48]: Workspace create: 	file:///home/gabrielavf/.local/share/nvim/lazy/codeium.nvim
[17:02:10.134][info] [#0:script/provider/provider.lua:49]: Load config from client	file:///home/gabrielavf/.local/share/nvim/lazy/codeium.nvim
[17:02:10.134][info] [#0:script/provider/provider.lua:50]: {
  Lua = {
    codeLens = {
      enable = true
    },
    completion = {
      callSnippet = "Replace"
    },
    doc = {
      privateName = { "^_" }
    },
    hint = {
      arrayIndex = "Disable",
      enable = true,
      paramName = "Disable",
      paramType = true,
      semicolon = "Disable",
      setType = false
    },
    runtime = {
      path = { "?.lua", "?/init.lua" },
      pathStrict = true,
      version = "LuaJIT"
    },
    workspace = {
      checkThirdParty = false,
      ignoreDir = { "/lua" },
      library = { "/home/linuxbrew/.linuxbrew/Cellar/neovim/0.10.3/share/nvim/runtime/lua", "/home/gabrielavf/.local/share/nvim/lazy/codeium.nvim/lua", "/home/gabrielavf/.local/share/nvim/lazy/blink.compat/lua" }
    }
  }
}
[17:02:10.134][info] [#0:script/provider/provider.lua:49]: Load config from client	file:///home/gabrielavf/.local/share/nvim/lazy/codeium.nvim
[17:02:10.134][info] [#0:script/provider/provider.lua:50]: {
  Lua = {
    codeLens = {
      enable = true
    },
    completion = {
      callSnippet = "Replace"
    },
    doc = {
      privateName = { "^_" }
    },
    hint = {
      arrayIndex = "Disable",
      enable = true,
      paramName = "Disable",
      paramType = true,
      semicolon = "Disable",
      setType = false
    },
    runtime = {
      path = { "?.lua", "?/init.lua" },
      pathStrict = true,
      version = "LuaJIT"
    },
    workspace = {
      checkThirdParty = false,
      ignoreDir = { "/lua" },
      library = { "/home/linuxbrew/.linuxbrew/Cellar/neovim/0.10.3/share/nvim/runtime/lua", "/home/gabrielavf/.local/share/nvim/lazy/codeium.nvim/lua", "/home/gabrielavf/.local/share/nvim/lazy/blink.compat/lua" }
    }
  }
}
[17:02:10.134][info] [#0:script/provider/provider.lua:49]: Load config from client	file:///home/gabrielavf/.local/share/nvim/lazy/codeium.nvim
[17:02:10.135][info] [#0:script/provider/provider.lua:50]: {
  Lua = {
    codeLens = {
      enable = true
    },
    completion = {
      callSnippet = "Replace"
    },
    doc = {
      privateName = { "^_" }
    },
    hint = {
      arrayIndex = "Disable",
      enable = true,
      paramName = "Disable",
      paramType = true,
      semicolon = "Disable",
      setType = false
    },
    runtime = {
      path = { "?.lua", "?/init.lua" },
      pathStrict = true,
      version = "LuaJIT"
    },
    workspace = {
      checkThirdParty = false,
      ignoreDir = { "/lua" },
      library = { "/home/linuxbrew/.linuxbrew/Cellar/neovim/0.10.3/share/nvim/runtime/lua", "/home/gabrielavf/.local/share/nvim/lazy/codeium.nvim/lua", "/home/gabrielavf/.local/share/nvim/lazy/blink.compat/lua" }
    }
  }
}
[17:02:10.135][warn] [#0:script/config/loader.lua:116]: No config?	{}
[17:02:10.135][info] [#0:script/provider/provider.lua:65]: Load config from client	fallback
[17:02:10.135][info] [#0:script/provider/provider.lua:66]: nil
[17:02:10.135][warn] [#0:script/config/loader.lua:116]: No config?	{}
[17:02:10.135][info] [#0:script/provider/provider.lua:65]: Load config from client	fallback
[17:02:10.135][info] [#0:script/provider/provider.lua:66]: nil
[17:02:10.135][warn] [#0:script/config/loader.lua:116]: No config?	{}
[17:02:10.135][info] [#0:script/provider/provider.lua:65]: Load config from client	fallback
[17:02:10.135][info] [#0:script/provider/provider.lua:66]: nil
[17:02:10.248][info] [#0:script/library.lua:212]: Init builtin library at:	file:///home/gabrielavf/.local/share/nvim/lazy/codeium.nvim
[17:02:10.268][info] [#0:script/library.lua:212]: Init builtin library at:	nil
[17:02:10.383][info] [#0:script/workspace/workspace.lua:324]: Preload start:	file:///home/gabrielavf/.local/share/nvim/lazy/codeium.nvim
[17:02:10.388][info] [#0:script/workspace/workspace.lua:330]: Scan files at:	file:///home/gabrielavf/.local/share/nvim/lazy/codeium.nvim
[17:02:10.391][info] [#0:script/workspace/workspace.lua:324]: Preload start:	<fallback>
[17:02:10.393][info] [#0:script/workspace/workspace.lua:353]: Scan library at:	file:///home/gabrielavf/.local/share/nvim/mason/packages/lua-language-server/libexec/meta/Lua%205.4%20en-us%20utf8/table.lua
[17:02:10.393][info] [#0:script/workspace/workspace.lua:353]: Scan library at:	file:///home/gabrielavf/.local/share/nvim/mason/packages/lua-language-server/libexec/meta/Lua%205.4%20en-us%20utf8/basic.lua
[17:02:10.393][info] [#0:script/workspace/workspace.lua:353]: Scan library at:	file:///home/gabrielavf/.local/share/nvim/mason/packages/lua-language-server/libexec/meta/Lua%205.4%20en-us%20utf8/string.lua
[17:02:10.394][info] [#0:script/workspace/workspace.lua:353]: Scan library at:	file:///home/gabrielavf/.local/share/nvim/mason/packages/lua-language-server/libexec/meta/Lua%205.4%20en-us%20utf8/os.lua
[17:02:10.394][info] [#0:script/workspace/workspace.lua:353]: Scan library at:	file:///home/gabrielavf/.local/share/nvim/mason/packages/lua-language-server/libexec/meta/Lua%205.4%20en-us%20utf8/coroutine.lua
[17:02:10.394][info] [#0:script/workspace/workspace.lua:353]: Scan library at:	file:///home/gabrielavf/.local/share/nvim/mason/packages/lua-language-server/libexec/meta/Lua%205.4%20en-us%20utf8/package.lua
[17:02:10.394][info] [#0:script/workspace/workspace.lua:353]: Scan library at:	file:///home/gabrielavf/.local/share/nvim/mason/packages/lua-language-server/libexec/meta/Lua%205.4%20en-us%20utf8/math.lua
[17:02:10.395][info] [#0:script/workspace/workspace.lua:353]: Scan library at:	file:///home/gabrielavf/.local/share/nvim/mason/packages/lua-language-server/libexec/meta/Lua%205.4%20en-us%20utf8/builtin.lua
[17:02:10.395][info] [#0:script/workspace/workspace.lua:353]: Scan library at:	file:///home/gabrielavf/.local/share/nvim/mason/packages/lua-language-server/libexec/meta/Lua%205.4%20en-us%20utf8/utf8.lua
[17:02:10.395][info] [#0:script/workspace/workspace.lua:353]: Scan library at:	file:///home/gabrielavf/.local/share/nvim/mason/packages/lua-language-server/libexec/meta/Lua%205.4%20en-us%20utf8/debug.lua
[17:02:10.395][info] [#0:script/workspace/workspace.lua:353]: Scan library at:	file:///home/gabrielavf/.local/share/nvim/lazy/codeium.nvim/lua
[17:02:10.396][info] [#0:script/workspace/workspace.lua:353]: Scan library at:	file:///home/gabrielavf/.local/share/nvim/mason/packages/lua-language-server/libexec/meta/Lua%205.4%20en-us%20utf8/io.lua
[17:02:10.399][info] [#0:script/workspace/workspace.lua:353]: Scan library at:	file:///home/gabrielavf/.local/share/nvim/mason/packages/lua-language-server/libexec/meta/LuaJIT%20en-us%20utf8/table.lua
[17:02:10.399][info] [#0:script/workspace/workspace.lua:353]: Scan library at:	file:///home/gabrielavf/.local/share/nvim/mason/packages/lua-language-server/libexec/meta/LuaJIT%20en-us%20utf8/os.lua
[17:02:10.399][info] [#0:script/workspace/workspace.lua:353]: Scan library at:	file:///home/gabrielavf/.local/share/nvim/mason/packages/lua-language-server/libexec/meta/LuaJIT%20en-us%20utf8/math.lua
[17:02:10.399][info] [#0:script/workspace/workspace.lua:353]: Scan library at:	file:///home/linuxbrew/.linuxbrew/Cellar/neovim/0.10.3/share/nvim/runtime/lua
[17:02:10.419][info] [#0:script/workspace/workspace.lua:353]: Scan library at:	file:///home/gabrielavf/.local/share/nvim/mason/packages/lua-language-server/libexec/meta/LuaJIT%20en-us%20utf8/package.lua
[17:02:10.419][info] [#0:script/workspace/workspace.lua:353]: Scan library at:	file:///home/gabrielavf/.local/share/nvim/lazy/blink.compat/lua
[17:02:10.423][info] [#0:script/workspace/workspace.lua:353]: Scan library at:	file:///home/gabrielavf/.local/share/nvim/mason/packages/lua-language-server/libexec/meta/LuaJIT%20en-us%20utf8/jit/util.lua
[17:02:10.423][info] [#0:script/workspace/workspace.lua:353]: Scan library at:	file:///home/gabrielavf/.local/share/nvim/mason/packages/lua-language-server/libexec/meta/LuaJIT%20en-us%20utf8/builtin.lua
[17:02:10.423][info] [#0:script/workspace/workspace.lua:353]: Scan library at:	file:///home/gabrielavf/.local/share/nvim/mason/packages/lua-language-server/libexec/meta/LuaJIT%20en-us%20utf8/string/buffer.lua
[17:02:10.424][info] [#0:script/workspace/workspace.lua:353]: Scan library at:	file:///home/gabrielavf/.local/share/nvim/mason/packages/lua-language-server/libexec/meta/LuaJIT%20en-us%20utf8/io.lua
[17:02:10.424][info] [#0:script/workspace/workspace.lua:353]: Scan library at:	file:///home/gabrielavf/.local/share/nvim/mason/packages/lua-language-server/libexec/meta/LuaJIT%20en-us%20utf8/bit.lua
[17:02:10.424][info] [#0:script/workspace/workspace.lua:353]: Scan library at:	file:///home/gabrielavf/.local/share/nvim/mason/packages/lua-language-server/libexec/meta/LuaJIT%20en-us%20utf8/table/new.lua
[17:02:10.424][info] [#0:script/workspace/workspace.lua:353]: Scan library at:	file:///home/gabrielavf/.local/share/nvim/mason/packages/lua-language-server/libexec/meta/LuaJIT%20en-us%20utf8/table/clear.lua
[17:02:10.424][info] [#0:script/workspace/workspace.lua:353]: Scan library at:	file:///home/gabrielavf/.local/share/nvim/mason/packages/lua-language-server/libexec/meta/LuaJIT%20en-us%20utf8/ffi.lua
[17:02:10.424][info] [#0:script/workspace/workspace.lua:353]: Scan library at:	file:///home/gabrielavf/.local/share/nvim/mason/packages/lua-language-server/libexec/meta/LuaJIT%20en-us%20utf8/coroutine.lua
[17:02:10.425][info] [#0:script/workspace/workspace.lua:353]: Scan library at:	file:///home/gabrielavf/.local/share/nvim/mason/packages/lua-language-server/libexec/meta/LuaJIT%20en-us%20utf8/jit/profile.lua
[17:02:10.425][info] [#0:script/workspace/workspace.lua:353]: Scan library at:	file:///home/gabrielavf/.local/share/nvim/mason/packages/lua-language-server/libexec/meta/LuaJIT%20en-us%20utf8/jit.lua
[17:02:10.425][info] [#0:script/workspace/workspace.lua:353]: Scan library at:	file:///home/gabrielavf/.local/share/nvim/mason/packages/lua-language-server/libexec/meta/LuaJIT%20en-us%20utf8/basic.lua
[17:02:10.425][info] [#0:script/workspace/workspace.lua:353]: Scan library at:	file:///home/gabrielavf/.local/share/nvim/mason/packages/lua-language-server/libexec/meta/LuaJIT%20en-us%20utf8/debug.lua
[17:02:10.425][info] [#0:script/workspace/workspace.lua:353]: Scan library at:	file:///home/gabrielavf/.local/share/nvim/mason/packages/lua-language-server/libexec/meta/LuaJIT%20en-us%20utf8/string.lua
[17:02:10.526][info] [#0:script/workspace/workspace.lua:379]: Found 11 files at:	<fallback>
[17:02:10.526][info] [#0:script/workspace/loading.lua:161]: Load files from disk:	<fallback>
[17:02:10.526][info] [#0:script/workspace/workspace.lua:379]: Found 148 files at:	file:///home/gabrielavf/.local/share/nvim/lazy/codeium.nvim
[17:02:10.526][info] [#0:script/workspace/loading.lua:161]: Load files from disk:	file:///home/gabrielavf/.local/share/nvim/lazy/codeium.nvim
[17:02:10.526][info] [#0:script/workspace/loading.lua:101]: Preload file at: file:///home/gabrielavf/.local/share/nvim/mason/packages/lua-language-server/libexec/meta/Lua%205.4%20en-us%20utf8/io.lua , size = 6.364 KB
[17:02:10.530][info] [#0:script/workspace/loading.lua:113]: ++++As library of:	file:///home/gabrielavf/.local/share/nvim/mason/packages/lua-language-server/libexec/meta/Lua%205.4%20en-us%20utf8/io.lua
[17:02:10.530][info] [#0:script/workspace/loading.lua:101]: Preload file at: file:///home/gabrielavf/.local/share/nvim/mason/packages/lua-language-server/libexec/meta/Lua%205.4%20en-us%20utf8/debug.lua , size = 7.637 KB
[17:02:10.536][info] [#0:script/workspace/loading.lua:113]: ++++As library of:	file:///home/gabrielavf/.local/share/nvim/mason/packages/lua-language-server/libexec/meta/Lua%205.4%20en-us%20utf8/debug.lua
[17:02:10.536][info] [#0:script/workspace/loading.lua:101]: Preload file at: file:///home/gabrielavf/.local/share/nvim/mason/packages/lua-language-server/libexec/meta/LuaJIT%20en-us%20utf8/string.lua , size = 6.310 KB
[17:02:10.539][info] [#0:script/workspace/loading.lua:113]: ++++As library of:	file:///home/gabrielavf/.local/share/nvim/mason/packages/lua-language-server/libexec/meta/LuaJIT%20en-us%20utf8/string.lua
[17:02:10.539][info] [#0:script/workspace/loading.lua:101]: Preload file at: file:///home/gabrielavf/.local/share/nvim/mason/packages/lua-language-server/libexec/meta/LuaJIT%20en-us%20utf8/debug.lua , size = 7.310 KB
[17:02:10.543][info] [#0:script/workspace/loading.lua:113]: ++++As library of:	file:///home/gabrielavf/.local/share/nvim/mason/packages/lua-language-server/libexec/meta/LuaJIT%20en-us%20utf8/debug.lua
[17:02:10.543][info] [#0:script/workspace/loading.lua:101]: Preload file at: file:///home/gabrielavf/.local/share/nvim/mason/packages/lua-language-server/libexec/meta/Lua%205.4%20en-us%20utf8/utf8.lua , size = 2.386 KB
[17:02:10.547][info] [#0:script/workspace/loading.lua:113]: ++++As library of:	file:///home/gabrielavf/.local/share/nvim/mason/packages/lua-language-server/libexec/meta/Lua%205.4%20en-us%20utf8/utf8.lua
[17:02:10.547][info] [#0:script/workspace/loading.lua:101]: Preload file at: file:///home/gabrielavf/.local/share/nvim/mason/packages/lua-language-server/libexec/meta/Lua%205.4%20en-us%20utf8/builtin.lua , size = 0.302 KB
[17:02:10.548][info] [#0:script/workspace/loading.lua:113]: ++++As library of:	file:///home/gabrielavf/.local/share/nvim/mason/packages/lua-language-server/libexec/meta/Lua%205.4%20en-us%20utf8/builtin.lua
[17:02:10.548][info] [#0:script/workspace/loading.lua:101]: Preload file at: file:///home/gabrielavf/.local/share/nvim/mason/packages/lua-language-server/libexec/meta/LuaJIT%20en-us%20utf8/jit.lua , size = 0.884 KB
[17:02:10.548][info] [#0:script/workspace/loading.lua:113]: ++++As library of:	file:///home/gabrielavf/.local/share/nvim/mason/packages/lua-language-server/libexec/meta/LuaJIT%20en-us%20utf8/jit.lua
[17:02:10.549][info] [#0:script/workspace/loading.lua:101]: Preload file at: file:///home/gabrielavf/.local/share/nvim/mason/packages/lua-language-server/libexec/meta/LuaJIT%20en-us%20utf8/basic.lua , size = 15.233 KB
[17:02:10.554][info] [#0:script/workspace/loading.lua:113]: ++++As library of:	file:///home/gabrielavf/.local/share/nvim/mason/packages/lua-language-server/libexec/meta/LuaJIT%20en-us%20utf8/basic.lua
[17:02:10.554][info] [#0:script/workspace/loading.lua:101]: Preload file at: file:///home/gabrielavf/.local/share/nvim/mason/packages/lua-language-server/libexec/meta/Lua%205.4%20en-us%20utf8/math.lua , size = 8.509 KB
[17:02:10.559][info] [#0:script/workspace/loading.lua:113]: ++++As library of:	file:///home/gabrielavf/.local/share/nvim/mason/packages/lua-language-server/libexec/meta/Lua%205.4%20en-us%20utf8/math.lua
[17:02:10.559][info] [#0:script/workspace/loading.lua:101]: Preload file at: file:///home/gabrielavf/.local/share/nvim/mason/packages/lua-language-server/libexec/meta/LuaJIT%20en-us%20utf8/jit/profile.lua , size = 0.348 KB
[17:02:10.562][info] [#0:script/workspace/loading.lua:113]: ++++As library of:	file:///home/gabrielavf/.local/share/nvim/mason/packages/lua-language-server/libexec/meta/LuaJIT%20en-us%20utf8/jit/profile.lua
[17:02:10.562][info] [#0:script/workspace/loading.lua:101]: Preload file at: file:///home/gabrielavf/.local/share/nvim/mason/packages/lua-language-server/libexec/meta/Lua%205.4%20en-us%20utf8/package.lua , size = 2.944 KB
[17:02:10.563][info] [#0:script/workspace/loading.lua:113]: ++++As library of:	file:///home/gabrielavf/.local/share/nvim/mason/packages/lua-language-server/libexec/meta/Lua%205.4%20en-us%20utf8/package.lua
[17:02:10.563][info] [#0:script/workspace/loading.lua:101]: Preload file at: file:///home/gabrielavf/.local/share/nvim/mason/packages/lua-language-server/libexec/meta/LuaJIT%20en-us%20utf8/coroutine.lua , size = 2.541 KB
[17:02:10.565][info] [#0:script/workspace/loading.lua:113]: ++++As library of:	file:///home/gabrielavf/.local/share/nvim/mason/packages/lua-language-server/libexec/meta/LuaJIT%20en-us%20utf8/coroutine.lua
[17:02:10.565][info] [#0:script/workspace/loading.lua:101]: Preload file at: file:///home/gabrielavf/.local/share/nvim/mason/packages/lua-language-server/libexec/meta/Lua%205.4%20en-us%20utf8/coroutine.lua , size = 2.590 KB
[17:02:10.566][info] [#0:script/workspace/loading.lua:113]: ++++As library of:	file:///home/gabrielavf/.local/share/nvim/mason/packages/lua-language-server/libexec/meta/Lua%205.4%20en-us%20utf8/coroutine.lua
[17:02:10.566][info] [#0:script/workspace/loading.lua:101]: Preload file at: file:///home/gabrielavf/.local/share/nvim/mason/packages/lua-language-server/libexec/meta/LuaJIT%20en-us%20utf8/ffi.lua , size = 2.529 KB
[17:02:10.568][info] [#0:script/workspace/loading.lua:113]: ++++As library of:	file:///home/gabrielavf/.local/share/nvim/mason/packages/lua-language-server/libexec/meta/LuaJIT%20en-us%20utf8/ffi.lua
[17:02:10.568][info] [#0:script/workspace/loading.lua:101]: Preload file at: file:///home/gabrielavf/.local/share/nvim/mason/packages/lua-language-server/libexec/meta/Lua%205.4%20en-us%20utf8/os.lua , size = 5.600 KB
[17:02:10.571][info] [#0:script/workspace/loading.lua:113]: ++++As library of:	file:///home/gabrielavf/.local/share/nvim/mason/packages/lua-language-server/libexec/meta/Lua%205.4%20en-us%20utf8/os.lua
[17:02:10.571][info] [#0:script/workspace/loading.lua:101]: Preload file at: file:///home/gabrielavf/.local/share/nvim/mason/packages/lua-language-server/libexec/meta/LuaJIT%20en-us%20utf8/table/clear.lua , size = 0.797 KB
[17:02:10.571][info] [#0:script/workspace/loading.lua:113]: ++++As library of:	file:///home/gabrielavf/.local/share/nvim/mason/packages/lua-language-server/libexec/meta/LuaJIT%20en-us%20utf8/table/clear.lua
[17:02:10.571][info] [#0:script/workspace/loading.lua:101]: Preload file at: file:///home/gabrielavf/.local/share/nvim/mason/packages/lua-language-server/libexec/meta/Lua%205.4%20en-us%20utf8/string.lua , size = 6.327 KB
[17:02:10.574][info] [#0:script/workspace/loading.lua:113]: ++++As library of:	file:///home/gabrielavf/.local/share/nvim/mason/packages/lua-language-server/libexec/meta/Lua%205.4%20en-us%20utf8/string.lua
[17:02:10.575][info] [#0:script/workspace/loading.lua:101]: Preload file at: file:///home/gabrielavf/.local/share/nvim/mason/packages/lua-language-server/libexec/meta/LuaJIT%20en-us%20utf8/table/new.lua , size = 0.642 KB
[17:02:10.575][info] [#0:script/workspace/loading.lua:113]: ++++As library of:	file:///home/gabrielavf/.local/share/nvim/mason/packages/lua-language-server/libexec/meta/LuaJIT%20en-us%20utf8/table/new.lua
[17:02:10.575][info] [#0:script/workspace/loading.lua:101]: Preload file at: file:///home/gabrielavf/.local/share/nvim/mason/packages/lua-language-server/libexec/meta/Lua%205.4%20en-us%20utf8/basic.lua , size = 15.621 KB
[17:02:10.585][info] [#0:script/workspace/loading.lua:113]: ++++As library of:	file:///home/gabrielavf/.local/share/nvim/mason/packages/lua-language-server/libexec/meta/Lua%205.4%20en-us%20utf8/basic.lua
[17:02:10.585][info] [#0:script/workspace/loading.lua:101]: Preload file at: file:///home/gabrielavf/.local/share/nvim/mason/packages/lua-language-server/libexec/meta/LuaJIT%20en-us%20utf8/bit.lua , size = 1.319 KB
[17:02:10.587][info] [#0:script/workspace/loading.lua:113]: ++++As library of:	file:///home/gabrielavf/.local/share/nvim/mason/packages/lua-language-server/libexec/meta/LuaJIT%20en-us%20utf8/bit.lua
[17:02:10.587][info] [#0:script/workspace/loading.lua:101]: Preload file at: file:///home/gabrielavf/.local/share/nvim/mason/packages/lua-language-server/libexec/meta/Lua%205.4%20en-us%20utf8/table.lua , size = 4.235 KB
[17:02:10.589][info] [#0:script/workspace/loading.lua:113]: ++++As library of:	file:///home/gabrielavf/.local/share/nvim/mason/packages/lua-language-server/libexec/meta/Lua%205.4%20en-us%20utf8/table.lua
[17:02:10.589][info] [#0:script/workspace/loading.lua:101]: Preload file at: file:///home/gabrielavf/.local/share/nvim/mason/packages/lua-language-server/libexec/meta/LuaJIT%20en-us%20utf8/io.lua , size = 6.364 KB
[17:02:10.592][info] [#0:script/workspace/loading.lua:113]: ++++As library of:	file:///home/gabrielavf/.local/share/nvim/mason/packages/lua-language-server/libexec/meta/LuaJIT%20en-us%20utf8/io.lua
[17:02:10.592][info] [#0:script/workspace/loading.lua:173]: Loaded files takes [0.067] sec: <fallback>
[17:02:10.592][info] [#0:script/workspace/loading.lua:182]: Compile files takes [0.000] sec: <fallback>
[17:02:10.592][info] [#0:script/workspace/loading.lua:183]: Loaded finish:	<fallback>
[17:02:10.592][info] [#0:script/workspace/workspace.lua:381]: Preload finish at:	<fallback>
[17:02:10.595][info] [#0:script/workspace/loading.lua:101]: Preload file at: file:///home/gabrielavf/.local/share/nvim/mason/packages/lua-language-server/libexec/meta/LuaJIT%20en-us%20utf8/string/buffer.lua , size = 18.123 KB
[17:02:10.599][info] [#0:script/workspace/loading.lua:113]: ++++As library of:	file:///home/gabrielavf/.local/share/nvim/mason/packages/lua-language-server/libexec/meta/LuaJIT%20en-us%20utf8/string/buffer.lua
[17:02:10.599][info] [#0:script/workspace/loading.lua:101]: Preload file at: file:///home/gabrielavf/.local/share/nvim/mason/packages/lua-language-server/libexec/meta/LuaJIT%20en-us%20utf8/builtin.lua , size = 0.302 KB
[17:02:10.599][info] [#0:script/workspace/loading.lua:113]: ++++As library of:	file:///home/gabrielavf/.local/share/nvim/mason/packages/lua-language-server/libexec/meta/LuaJIT%20en-us%20utf8/builtin.lua
[17:02:10.600][info] [#0:script/workspace/loading.lua:101]: Preload file at: file:///home/gabrielavf/.local/share/nvim/mason/packages/lua-language-server/libexec/meta/LuaJIT%20en-us%20utf8/jit/util.lua , size = 1.984 KB
[17:02:10.602][info] [#0:script/workspace/loading.lua:113]: ++++As library of:	file:///home/gabrielavf/.local/share/nvim/mason/packages/lua-language-server/libexec/meta/LuaJIT%20en-us%20utf8/jit/util.lua
[17:02:10.602][info] [#0:script/workspace/loading.lua:101]: Preload file at: file:///home/gabrielavf/.local/share/nvim/lazy/blink.compat/lua/blink-compat.lua , size = 0.030 KB
[17:02:10.602][info] [#0:script/workspace/loading.lua:113]: ++++As library of:	file:///home/gabrielavf/.local/share/nvim/lazy/blink.compat/lua
[17:02:10.603][info] [#0:script/workspace/loading.lua:101]: Preload file at: file:///home/gabrielavf/.local/share/nvim/lazy/blink.compat/lua/blink/compat/config.lua , size = 0.752 KB
[17:02:10.603][info] [#0:script/workspace/loading.lua:113]: ++++As library of:	file:///home/gabrielavf/.local/share/nvim/lazy/blink.compat/lua
[17:02:10.603][info] [#0:script/workspace/loading.lua:101]: Preload file at: file:///home/gabrielavf/.local/share/nvim/lazy/blink.compat/lua/blink/compat/init.lua , size = 2.173 KB
[17:02:10.605][info] [#0:script/workspace/loading.lua:113]: ++++As library of:	file:///home/gabrielavf/.local/share/nvim/lazy/blink.compat/lua
[17:02:10.605][info] [#0:script/workspace/loading.lua:101]: Preload file at: file:///home/gabrielavf/.local/share/nvim/lazy/blink.compat/lua/blink/compat/event.lua , size = 0.611 KB
[17:02:10.605][info] [#0:script/workspace/loading.lua:113]: ++++As library of:	file:///home/gabrielavf/.local/share/nvim/lazy/blink.compat/lua
[17:02:10.605][info] [#0:script/workspace/loading.lua:101]: Preload file at: file:///home/gabrielavf/.local/share/nvim/lazy/blink.compat/lua/blink/compat/registry.lua , size = 0.265 KB
[17:02:10.606][info] [#0:script/workspace/loading.lua:113]: ++++As library of:	file:///home/gabrielavf/.local/share/nvim/lazy/blink.compat/lua
[17:02:10.606][info] [#0:script/workspace/loading.lua:101]: Preload file at: file:///home/gabrielavf/.local/share/nvim/lazy/blink.compat/lua/blink/compat/lib/pattern.lua , size = 0.450 KB
[17:02:10.607][info] [#0:script/workspace/loading.lua:113]: ++++As library of:	file:///home/gabrielavf/.local/share/nvim/lazy/blink.compat/lua
[17:02:10.607][info] [#0:script/workspace/loading.lua:101]: Preload file at: file:///home/gabrielavf/.local/share/nvim/lazy/blink.compat/lua/blink/compat/lib/utils.lua , size = 0.846 KB
[17:02:10.608][info] [#0:script/workspace/loading.lua:113]: ++++As library of:	file:///home/gabrielavf/.local/share/nvim/lazy/blink.compat/lua
[17:02:10.608][info] [#0:script/workspace/loading.lua:101]: Preload file at: file:///home/gabrielavf/.local/share/nvim/lazy/blink.compat/lua/blink/compat/lib/context.lua , size = 1.572 KB
[17:02:10.609][info] [#0:script/workspace/loading.lua:113]: ++++As library of:	file:///home/gabrielavf/.local/share/nvim/lazy/blink.compat/lua
[17:02:10.609][info] [#0:script/workspace/loading.lua:101]: Preload file at: file:///home/gabrielavf/.local/share/nvim/lazy/blink.compat/lua/blink/compat/source.lua , size = 3.719 KB
[17:02:10.611][info] [#0:script/workspace/loading.lua:113]: ++++As library of:	file:///home/gabrielavf/.local/share/nvim/lazy/blink.compat/lua
[17:02:10.611][info] [#0:script/workspace/loading.lua:101]: Preload file at: file:///home/gabrielavf/.local/share/nvim/lazy/blink.compat/lua/cmp/types/init.lua , size = 0.104 KB
[17:02:10.612][info] [#0:script/workspace/loading.lua:113]: ++++As library of:	file:///home/gabrielavf/.local/share/nvim/lazy/blink.compat/lua
[17:02:10.612][info] [#0:script/workspace/loading.lua:101]: Preload file at: file:///home/gabrielavf/.local/share/nvim/lazy/blink.compat/lua/cmp/types/cmp.lua , size = 0.289 KB
[17:02:10.612][info] [#0:script/workspace/loading.lua:113]: ++++As library of:	file:///home/gabrielavf/.local/share/nvim/lazy/blink.compat/lua
[17:02:10.612][info] [#0:script/workspace/loading.lua:101]: Preload file at: file:///home/gabrielavf/.local/share/nvim/lazy/blink.compat/lua/cmp/types/lsp.lua , size = 3.824 KB
[17:02:10.620][info] [#0:script/workspace/loading.lua:113]: ++++As library of:	file:///home/gabrielavf/.local/share/nvim/lazy/blink.compat/lua
[17:02:10.621][info] [#0:script/workspace/loading.lua:101]: Preload file at: file:///home/gabrielavf/.local/share/nvim/lazy/blink.compat/lua/cmp/core.lua , size = 0.184 KB
[17:02:10.621][info] [#0:script/workspace/loading.lua:113]: ++++As library of:	file:///home/gabrielavf/.local/share/nvim/lazy/blink.compat/lua
[17:02:10.621][info] [#0:script/workspace/loading.lua:101]: Preload file at: file:///home/gabrielavf/.local/share/nvim/lazy/blink.compat/lua/cmp/config.lua , size = 0.416 KB
[17:02:10.622][info] [#0:script/workspace/loading.lua:113]: ++++As library of:	file:///home/gabrielavf/.local/share/nvim/lazy/blink.compat/lua
[17:02:10.622][info] [#0:script/workspace/loading.lua:101]: Preload file at: file:///home/gabrielavf/.local/share/nvim/lazy/blink.compat/lua/cmp/setup.lua , size = 0.438 KB
[17:02:10.623][info] [#0:script/workspace/loading.lua:113]: ++++As library of:	file:///home/gabrielavf/.local/share/nvim/lazy/blink.compat/lua
[17:02:10.623][info] [#0:script/workspace/loading.lua:101]: Preload file at: file:///home/gabrielavf/.local/share/nvim/lazy/blink.compat/lua/cmp/init.lua , size = 0.693 KB
[17:02:10.623][info] [#0:script/workspace/loading.lua:113]: ++++As library of:	file:///home/gabrielavf/.local/share/nvim/lazy/blink.compat/lua
[17:02:10.623][info] [#0:script/workspace/loading.lua:101]: Preload file at: file:///home/gabrielavf/.local/share/nvim/mason/packages/lua-language-server/libexec/meta/LuaJIT%20en-us%20utf8/package.lua , size = 2.699 KB
[17:02:10.624][info] [#0:script/workspace/loading.lua:113]: ++++As library of:	file:///home/gabrielavf/.local/share/nvim/mason/packages/lua-language-server/libexec/meta/LuaJIT%20en-us%20utf8/package.lua
[17:02:10.624][info] [#0:script/workspace/loading.lua:101]: Preload file at: file:///home/linuxbrew/.linuxbrew/Cellar/neovim/0.10.3/share/nvim/runtime/lua/editorconfig.lua , size = 10.443 KB
[17:02:10.629][info] [#0:script/workspace/loading.lua:113]: ++++As library of:	file:///home/linuxbrew/.linuxbrew/Cellar/neovim/0.10.3/share/nvim/runtime/lua
[17:02:10.629][info] [#0:script/workspace/loading.lua:101]: Preload file at: file:///home/linuxbrew/.linuxbrew/Cellar/neovim/0.10.3/share/nvim/runtime/lua/vim/loader.lua , size = 15.741 KB
[17:02:10.638][info] [#0:script/workspace/loading.lua:113]: ++++As library of:	file:///home/linuxbrew/.linuxbrew/Cellar/neovim/0.10.3/share/nvim/runtime/lua
[17:02:10.638][info] [#0:script/workspace/loading.lua:101]: Preload file at: file:///home/linuxbrew/.linuxbrew/Cellar/neovim/0.10.3/share/nvim/runtime/lua/vim/provider.lua , size = 0.197 KB
[17:02:10.639][info] [#0:script/workspace/loading.lua:113]: ++++As library of:	file:///home/linuxbrew/.linuxbrew/Cellar/neovim/0.10.3/share/nvim/runtime/lua
[17:02:10.639][info] [#0:script/workspace/loading.lua:101]: Preload file at: file:///home/linuxbrew/.linuxbrew/Cellar/neovim/0.10.3/share/nvim/runtime/lua/vim/_meta.lua , size = 0.977 KB
[17:02:10.640][info] [#0:script/workspace/loading.lua:113]: ++++As library of:	file:///home/linuxbrew/.linuxbrew/Cellar/neovim/0.10.3/share/nvim/runtime/lua
[17:02:10.640][info] [#0:script/workspace/loading.lua:101]: Preload file at: file:///home/linuxbrew/.linuxbrew/Cellar/neovim/0.10.3/share/nvim/runtime/lua/vim/highlight.lua , size = 4.526 KB
[17:02:10.642][info] [#0:script/workspace/loading.lua:113]: ++++As library of:	file:///home/linuxbrew/.linuxbrew/Cellar/neovim/0.10.3/share/nvim/runtime/lua
[17:02:10.642][info] [#0:script/workspace/loading.lua:101]: Preload file at: file:///home/linuxbrew/.linuxbrew/Cellar/neovim/0.10.3/share/nvim/runtime/lua/vim/keymap.lua , size = 3.682 KB
[17:02:10.644][info] [#0:script/workspace/loading.lua:113]: ++++As library of:	file:///home/linuxbrew/.linuxbrew/Cellar/neovim/0.10.3/share/nvim/runtime/lua
[17:02:10.644][info] [#0:script/workspace/loading.lua:101]: Preload file at: file:///home/linuxbrew/.linuxbrew/Cellar/neovim/0.10.3/share/nvim/runtime/lua/vim/vimhelp.lua , size = 0.967 KB
[17:02:10.645][info] [#0:script/workspace/loading.lua:113]: ++++As library of:	file:///home/linuxbrew/.linuxbrew/Cellar/neovim/0.10.3/share/nvim/runtime/lua
[17:02:10.645][info] [#0:script/workspace/loading.lua:101]: Preload file at: file:///home/linuxbrew/.linuxbrew/Cellar/neovim/0.10.3/share/nvim/runtime/lua/vim/filetype/options.lua , size = 2.559 KB
[17:02:10.647][info] [#0:script/workspace/loading.lua:113]: ++++As library of:	file:///home/linuxbrew/.linuxbrew/Cellar/neovim/0.10.3/share/nvim/runtime/lua
[17:02:10.647][info] [#0:script/workspace/loading.lua:101]: Preload file at: file:///home/linuxbrew/.linuxbrew/Cellar/neovim/0.10.3/share/nvim/runtime/lua/vim/filetype/detect.lua , size = 57.151 KB
[17:02:10.681][info] [#0:script/workspace/loading.lua:113]: ++++As library of:	file:///home/linuxbrew/.linuxbrew/Cellar/neovim/0.10.3/share/nvim/runtime/lua
[17:02:10.681][info] [#0:script/workspace/loading.lua:101]: Preload file at: file:///home/linuxbrew/.linuxbrew/Cellar/neovim/0.10.3/share/nvim/runtime/lua/vim/_defaults.lua , size = 18.717 KB
[17:02:10.688][info] [#0:script/workspace/loading.lua:113]: ++++As library of:	file:///home/linuxbrew/.linuxbrew/Cellar/neovim/0.10.3/share/nvim/runtime/lua
[17:02:10.688][info] [#0:script/workspace/loading.lua:101]: Preload file at: file:///home/linuxbrew/.linuxbrew/Cellar/neovim/0.10.3/share/nvim/runtime/lua/vim/ui.lua , size = 5.396 KB
[17:02:10.691][info] [#0:script/workspace/loading.lua:113]: ++++As library of:	file:///home/linuxbrew/.linuxbrew/Cellar/neovim/0.10.3/share/nvim/runtime/lua
[17:02:10.691][info] [#0:script/workspace/loading.lua:101]: Preload file at: file:///home/linuxbrew/.linuxbrew/Cellar/neovim/0.10.3/share/nvim/runtime/lua/vim/func.lua , size = 1.753 KB
[17:02:10.692][info] [#0:script/workspace/loading.lua:113]: ++++As library of:	file:///home/linuxbrew/.linuxbrew/Cellar/neovim/0.10.3/share/nvim/runtime/lua
[17:02:10.692][info] [#0:script/workspace/loading.lua:101]: Preload file at: file:///home/linuxbrew/.linuxbrew/Cellar/neovim/0.10.3/share/nvim/runtime/lua/vim/_watch.lua , size = 8.901 KB
[17:02:10.696][info] [#0:script/workspace/loading.lua:113]: ++++As library of:	file:///home/linuxbrew/.linuxbrew/Cellar/neovim/0.10.3/share/nvim/runtime/lua
[17:02:10.696][info] [#0:script/workspace/loading.lua:101]: Preload file at: file:///home/linuxbrew/.linuxbrew/Cellar/neovim/0.10.3/share/nvim/runtime/lua/vim/iter.lua , size = 25.504 KB
[17:02:10.709][info] [#0:script/workspace/loading.lua:113]: ++++As library of:	file:///home/linuxbrew/.linuxbrew/Cellar/neovim/0.10.3/share/nvim/runtime/lua
[17:02:10.709][info] [#0:script/workspace/loading.lua:101]: Preload file at: file:///home/linuxbrew/.linuxbrew/Cellar/neovim/0.10.3/share/nvim/runtime/lua/vim/_inspector.lua , size = 7.661 KB
[17:02:10.714][info] [#0:script/workspace/loading.lua:113]: ++++As library of:	file:///home/linuxbrew/.linuxbrew/Cellar/neovim/0.10.3/share/nvim/runtime/lua
[17:02:10.715][info] [#0:script/workspace/loading.lua:101]: Preload file at: file:///home/linuxbrew/.linuxbrew/Cellar/neovim/0.10.3/share/nvim/runtime/lua/vim/fs.lua , size = 18.719 KB
[17:02:10.723][info] [#0:script/workspace/loading.lua:113]: ++++As library of:	file:///home/linuxbrew/.linuxbrew/Cellar/neovim/0.10.3/share/nvim/runtime/lua
[17:02:10.723][info] [#0:script/workspace/loading.lua:101]: Preload file at: file:///home/linuxbrew/.linuxbrew/Cellar/neovim/0.10.3/share/nvim/runtime/lua/vim/diagnostic.lua , size = 69.172 KB
[17:02:10.765][info] [#0:script/workspace/loading.lua:113]: ++++As library of:	file:///home/linuxbrew/.linuxbrew/Cellar/neovim/0.10.3/share/nvim/runtime/lua
[17:02:10.765][info] [#0:script/workspace/loading.lua:101]: Preload file at: file:///home/linuxbrew/.linuxbrew/Cellar/neovim/0.10.3/share/nvim/runtime/lua/vim/re.lua , size = 6.495 KB
[17:02:10.770][info] [#0:script/workspace/loading.lua:113]: ++++As library of:	file:///home/linuxbrew/.linuxbrew/Cellar/neovim/0.10.3/share/nvim/runtime/lua
[17:02:10.770][info] [#0:script/workspace/loading.lua:101]: Preload file at: file:///home/linuxbrew/.linuxbrew/Cellar/neovim/0.10.3/share/nvim/runtime/lua/vim/shared.lua , size = 29.331 KB
[17:02:10.784][info] [#0:script/workspace/loading.lua:113]: ++++As library of:	file:///home/linuxbrew/.linuxbrew/Cellar/neovim/0.10.3/share/nvim/runtime/lua
[17:02:10.784][info] [#0:script/workspace/loading.lua:101]: Preload file at: file:///home/linuxbrew/.linuxbrew/Cellar/neovim/0.10.3/share/nvim/runtime/lua/vim/lsp/_meta.lua , size = 0.440 KB
[17:02:10.785][info] [#0:script/workspace/loading.lua:113]: ++++As library of:	file:///home/linuxbrew/.linuxbrew/Cellar/neovim/0.10.3/share/nvim/runtime/lua
[17:02:10.785][info] [#0:script/workspace/loading.lua:101]: Preload file at: file:///home/linuxbrew/.linuxbrew/Cellar/neovim/0.10.3/share/nvim/runtime/lua/vim/lsp/_changetracking.lua , size = 11.492 KB
[17:02:10.790][info] [#0:script/workspace/loading.lua:113]: ++++As library of:	file:///home/linuxbrew/.linuxbrew/Cellar/neovim/0.10.3/share/nvim/runtime/lua
[17:02:10.790][info] [#0:script/workspace/loading.lua:101]: Preload file at: file:///home/linuxbrew/.linuxbrew/Cellar/neovim/0.10.3/share/nvim/runtime/lua/vim/lsp/client.lua , size = 38.013 KB
[17:02:10.807][info] [#0:script/workspace/loading.lua:113]: ++++As library of:	file:///home/linuxbrew/.linuxbrew/Cellar/neovim/0.10.3/share/nvim/runtime/lua
[17:02:10.807][info] [#0:script/workspace/loading.lua:101]: Preload file at: file:///home/linuxbrew/.linuxbrew/Cellar/neovim/0.10.3/share/nvim/runtime/lua/vim/lsp/protocol.lua , size = 48.973 KB
[17:02:10.832][info] [#0:script/workspace/loading.lua:113]: ++++As library of:	file:///home/linuxbrew/.linuxbrew/Cellar/neovim/0.10.3/share/nvim/runtime/lua
[17:02:10.832][info] [#0:script/workspace/loading.lua:101]: Preload file at: file:///home/linuxbrew/.linuxbrew/Cellar/neovim/0.10.3/share/nvim/runtime/lua/vim/lsp/_snippet_grammar.lua , size = 6.179 KB
[17:02:10.837][info] [#0:script/workspace/loading.lua:113]: ++++As library of:	file:///home/linuxbrew/.linuxbrew/Cellar/neovim/0.10.3/share/nvim/runtime/lua
[17:02:10.837][info] [#0:script/workspace/loading.lua:101]: Preload file at: file:///home/linuxbrew/.linuxbrew/Cellar/neovim/0.10.3/share/nvim/runtime/lua/vim/lsp/_tagfunc.lua , size = 2.787 KB
[17:02:10.839][info] [#0:script/workspace/loading.lua:113]: ++++As library of:	file:///home/linuxbrew/.linuxbrew/Cellar/neovim/0.10.3/share/nvim/runtime/lua
[17:02:10.839][info] [#0:script/workspace/loading.lua:101]: Preload file at: file:///home/linuxbrew/.linuxbrew/Cellar/neovim/0.10.3/share/nvim/runtime/lua/vim/lsp/_dynamic.lua , size = 2.973 KB
[17:02:10.841][info] [#0:script/workspace/loading.lua:113]: ++++As library of:	file:///home/linuxbrew/.linuxbrew/Cellar/neovim/0.10.3/share/nvim/runtime/lua
[17:02:10.841][info] [#0:script/workspace/loading.lua:101]: Preload file at: file:///home/linuxbrew/.linuxbrew/Cellar/neovim/0.10.3/share/nvim/runtime/lua/vim/lsp/sync.lua , size = 16.226 KB
[17:02:10.846][info] [#0:script/workspace/loading.lua:113]: ++++As library of:	file:///home/linuxbrew/.linuxbrew/Cellar/neovim/0.10.3/share/nvim/runtime/lua
[17:02:10.846][info] [#0:script/workspace/loading.lua:101]: Preload file at: file:///home/linuxbrew/.linuxbrew/Cellar/neovim/0.10.3/share/nvim/runtime/lua/vim/lsp/diagnostic.lua , size = 14.140 KB
[17:02:10.853][info] [#0:script/workspace/loading.lua:113]: ++++As library of:	file:///home/linuxbrew/.linuxbrew/Cellar/neovim/0.10.3/share/nvim/runtime/lua
[17:02:10.854][info] [#0:script/workspace/loading.lua:101]: Preload file at: file:///home/linuxbrew/.linuxbrew/Cellar/neovim/0.10.3/share/nvim/runtime/lua/vim/lsp/log.lua , size = 4.673 KB
[17:02:10.856][info] [#0:script/workspace/loading.lua:113]: ++++As library of:	file:///home/linuxbrew/.linuxbrew/Cellar/neovim/0.10.3/share/nvim/runtime/lua
[17:02:10.856][info] [#0:script/workspace/loading.lua:101]: Preload file at: file:///home/linuxbrew/.linuxbrew/Cellar/neovim/0.10.3/share/nvim/runtime/lua/vim/lsp/handlers.lua , size = 26.904 KB
[17:02:10.867][info] [#0:script/workspace/loading.lua:113]: ++++As library of:	file:///home/linuxbrew/.linuxbrew/Cellar/neovim/0.10.3/share/nvim/runtime/lua
[17:02:10.867][info] [#0:script/workspace/loading.lua:101]: Preload file at: file:///home/linuxbrew/.linuxbrew/Cellar/neovim/0.10.3/share/nvim/runtime/lua/vim/lsp/codelens.lua , size = 9.336 KB
[17:02:10.872][info] [#0:script/workspace/loading.lua:113]: ++++As library of:	file:///home/linuxbrew/.linuxbrew/Cellar/neovim/0.10.3/share/nvim/runtime/lua
[17:02:10.872][info] [#0:script/workspace/loading.lua:101]: Preload file at: file:///home/linuxbrew/.linuxbrew/Cellar/neovim/0.10.3/share/nvim/runtime/lua/vim/lsp/buf.lua , size = 31.091 KB
[17:02:10.886][info] [#0:script/workspace/loading.lua:113]: ++++As library of:	file:///home/linuxbrew/.linuxbrew/Cellar/neovim/0.10.3/share/nvim/runtime/lua
[17:02:10.886][info] [#0:script/workspace/loading.lua:101]: Preload file at: file:///home/linuxbrew/.linuxbrew/Cellar/neovim/0.10.3/share/nvim/runtime/lua/vim/lsp/_meta/protocol.lua , size = 175.343 KB
[17:02:10.939][info] [#0:script/workspace/loading.lua:113]: ++++As library of:	file:///home/linuxbrew/.linuxbrew/Cellar/neovim/0.10.3/share/nvim/runtime/lua
[17:02:10.939][info] [#0:script/workspace/loading.lua:101]: Preload file at: file:///home/linuxbrew/.linuxbrew/Cellar/neovim/0.10.3/share/nvim/runtime/lua/vim/lsp/_completion.lua , size = 8.965 KB
[17:02:10.944][info] [#0:script/workspace/loading.lua:113]: ++++As library of:	file:///home/linuxbrew/.linuxbrew/Cellar/neovim/0.10.3/share/nvim/runtime/lua
[17:02:10.944][info] [#0:script/workspace/loading.lua:101]: Preload file at: file:///home/linuxbrew/.linuxbrew/Cellar/neovim/0.10.3/share/nvim/runtime/lua/vim/lsp/inlay_hint.lua , size = 12.172 KB
[17:02:10.950][info] [#0:script/workspace/loading.lua:113]: ++++As library of:	file:///home/linuxbrew/.linuxbrew/Cellar/neovim/0.10.3/share/nvim/runtime/lua
[17:02:10.950][info] [#0:script/workspace/loading.lua:101]: Preload file at: file:///home/linuxbrew/.linuxbrew/Cellar/neovim/0.10.3/share/nvim/runtime/lua/vim/lsp/health.lua , size = 5.398 KB
[17:02:10.978][info] [#0:script/workspace/loading.lua:113]: ++++As library of:	file:///home/linuxbrew/.linuxbrew/Cellar/neovim/0.10.3/share/nvim/runtime/lua
[17:02:10.978][info] [#0:script/workspace/loading.lua:101]: Preload file at: file:///home/linuxbrew/.linuxbrew/Cellar/neovim/0.10.3/share/nvim/runtime/lua/vim/lsp/util.lua , size = 77.298 KB
[17:02:11.016][info] [#0:script/workspace/loading.lua:113]: ++++As library of:	file:///home/linuxbrew/.linuxbrew/Cellar/neovim/0.10.3/share/nvim/runtime/lua
[17:02:11.016][info] [#0:script/workspace/loading.lua:101]: Preload file at: file:///home/linuxbrew/.linuxbrew/Cellar/neovim/0.10.3/share/nvim/runtime/lua/vim/lsp/semantic_tokens.lua , size = 26.267 KB
[17:02:11.028][info] [#0:script/workspace/loading.lua:113]: ++++As library of:	file:///home/linuxbrew/.linuxbrew/Cellar/neovim/0.10.3/share/nvim/runtime/lua
[17:02:11.028][info] [#0:script/workspace/loading.lua:101]: Preload file at: file:///home/linuxbrew/.linuxbrew/Cellar/neovim/0.10.3/share/nvim/runtime/lua/vim/lsp/rpc.lua , size = 25.991 KB
[17:02:11.040][info] [#0:script/workspace/loading.lua:113]: ++++As library of:	file:///home/linuxbrew/.linuxbrew/Cellar/neovim/0.10.3/share/nvim/runtime/lua
[17:02:11.041][info] [#0:script/workspace/loading.lua:101]: Preload file at: file:///home/linuxbrew/.linuxbrew/Cellar/neovim/0.10.3/share/nvim/runtime/lua/vim/lsp/_watchfiles.lua , size = 6.889 KB
[17:02:11.046][info] [#0:script/workspace/loading.lua:113]: ++++As library of:	file:///home/linuxbrew/.linuxbrew/Cellar/neovim/0.10.3/share/nvim/runtime/lua
[17:02:11.046][info] [#0:script/workspace/loading.lua:101]: Preload file at: file:///home/linuxbrew/.linuxbrew/Cellar/neovim/0.10.3/share/nvim/runtime/lua/vim/glob.lua , size = 3.001 KB
[17:02:11.048][info] [#0:script/workspace/loading.lua:113]: ++++As library of:	file:///home/linuxbrew/.linuxbrew/Cellar/neovim/0.10.3/share/nvim/runtime/lua
[17:02:11.048][info] [#0:script/workspace/loading.lua:101]: Preload file at: file:///home/linuxbrew/.linuxbrew/Cellar/neovim/0.10.3/share/nvim/runtime/lua/vim/_comment.lua , size = 8.743 KB
[17:02:11.053][info] [#0:script/workspace/loading.lua:113]: ++++As library of:	file:///home/linuxbrew/.linuxbrew/Cellar/neovim/0.10.3/share/nvim/runtime/lua
[17:02:11.053][info] [#0:script/workspace/loading.lua:101]: Preload file at: file:///home/linuxbrew/.linuxbrew/Cellar/neovim/0.10.3/share/nvim/runtime/lua/vim/_options.lua , size = 25.441 KB
[17:02:11.066][info] [#0:script/workspace/loading.lua:113]: ++++As library of:	file:///home/linuxbrew/.linuxbrew/Cellar/neovim/0.10.3/share/nvim/runtime/lua
[17:02:11.067][info] [#0:script/workspace/loading.lua:101]: Preload file at: file:///home/linuxbrew/.linuxbrew/Cellar/neovim/0.10.3/share/nvim/runtime/lua/vim/text.lua , size = 0.812 KB
[17:02:11.068][info] [#0:script/workspace/loading.lua:113]: ++++As library of:	file:///home/linuxbrew/.linuxbrew/Cellar/neovim/0.10.3/share/nvim/runtime/lua
[17:02:11.068][info] [#0:script/workspace/loading.lua:101]: Preload file at: file:///home/linuxbrew/.linuxbrew/Cellar/neovim/0.10.3/share/nvim/runtime/lua/vim/inspect.lua , size = 8.864 KB
[17:02:11.073][info] [#0:script/workspace/loading.lua:113]: ++++As library of:	file:///home/linuxbrew/.linuxbrew/Cellar/neovim/0.10.3/share/nvim/runtime/lua
[17:02:11.073][info] [#0:script/workspace/loading.lua:101]: Preload file at: file:///home/linuxbrew/.linuxbrew/Cellar/neovim/0.10.3/share/nvim/runtime/lua/vim/provider/perl.lua , size = 1.998 KB
[17:02:11.075][info] [#0:script/workspace/loading.lua:113]: ++++As library of:	file:///home/linuxbrew/.linuxbrew/Cellar/neovim/0.10.3/share/nvim/runtime/lua
[17:02:11.075][info] [#0:script/workspace/loading.lua:101]: Preload file at: file:///home/linuxbrew/.linuxbrew/Cellar/neovim/0.10.3/share/nvim/runtime/lua/vim/provider/ruby.lua , size = 1.563 KB
[17:02:11.076][info] [#0:script/workspace/loading.lua:113]: ++++As library of:	file:///home/linuxbrew/.linuxbrew/Cellar/neovim/0.10.3/share/nvim/runtime/lua
[17:02:11.076][info] [#0:script/workspace/loading.lua:101]: Preload file at: file:///home/linuxbrew/.linuxbrew/Cellar/neovim/0.10.3/share/nvim/runtime/lua/vim/provider/python.lua , size = 4.224 KB
[17:02:11.078][info] [#0:script/workspace/loading.lua:113]: ++++As library of:	file:///home/linuxbrew/.linuxbrew/Cellar/neovim/0.10.3/share/nvim/runtime/lua
[17:02:11.079][info] [#0:script/workspace/loading.lua:101]: Preload file at: file:///home/linuxbrew/.linuxbrew/Cellar/neovim/0.10.3/share/nvim/runtime/lua/vim/_meta/mpack.lua , size = 0.478 KB
[17:02:11.079][info] [#0:script/workspace/loading.lua:113]: ++++As library of:	file:///home/linuxbrew/.linuxbrew/Cellar/neovim/0.10.3/share/nvim/runtime/lua
[17:02:11.079][info] [#0:script/workspace/loading.lua:101]: Preload file at: file:///home/linuxbrew/.linuxbrew/Cellar/neovim/0.10.3/share/nvim/runtime/lua/vim/_meta/api_keysets_extra.lua , size = 4.535 KB
[17:02:11.082][info] [#0:script/workspace/loading.lua:113]: ++++As library of:	file:///home/linuxbrew/.linuxbrew/Cellar/neovim/0.10.3/share/nvim/runtime/lua
[17:02:11.082][info] [#0:script/workspace/loading.lua:101]: Preload file at: file:///home/linuxbrew/.linuxbrew/Cellar/neovim/0.10.3/share/nvim/runtime/lua/vim/_meta/diff.lua , size = 2.492 KB
[17:02:11.083][info] [#0:script/workspace/loading.lua:113]: ++++As library of:	file:///home/linuxbrew/.linuxbrew/Cellar/neovim/0.10.3/share/nvim/runtime/lua
[17:02:11.083][info] [#0:script/workspace/loading.lua:101]: Preload file at: file:///home/linuxbrew/.linuxbrew/Cellar/neovim/0.10.3/share/nvim/runtime/lua/vim/_meta/api_keysets.lua , size = 8.292 KB
[17:02:11.088][info] [#0:script/workspace/loading.lua:113]: ++++As library of:	file:///home/linuxbrew/.linuxbrew/Cellar/neovim/0.10.3/share/nvim/runtime/lua
[17:02:11.089][info] [#0:script/workspace/loading.lua:101]: Preload file at: file:///home/linuxbrew/.linuxbrew/Cellar/neovim/0.10.3/share/nvim/runtime/lua/vim/_meta/misc.lua , size = 0.291 KB
[17:02:11.090][info] [#0:script/workspace/loading.lua:113]: ++++As library of:	file:///home/linuxbrew/.linuxbrew/Cellar/neovim/0.10.3/share/nvim/runtime/lua
[17:02:11.090][info] [#0:script/workspace/loading.lua:101]: Preload file at: file:///home/linuxbrew/.linuxbrew/Cellar/neovim/0.10.3/share/nvim/runtime/lua/vim/_meta/lpeg.lua , size = 15.348 KB
[17:02:11.094][info] [#0:script/workspace/loading.lua:113]: ++++As library of:	file:///home/linuxbrew/.linuxbrew/Cellar/neovim/0.10.3/share/nvim/runtime/lua
[17:02:11.094][info] [#0:script/workspace/loading.lua:101]: Preload file at: file:///home/linuxbrew/.linuxbrew/Cellar/neovim/0.10.3/share/nvim/runtime/lua/vim/_meta/re.lua , size = 2.217 KB
[17:02:11.095][info] [#0:script/workspace/loading.lua:113]: ++++As library of:	file:///home/linuxbrew/.linuxbrew/Cellar/neovim/0.10.3/share/nvim/runtime/lua
[17:02:11.096][info] [#0:script/workspace/loading.lua:101]: Preload file at: file:///home/linuxbrew/.linuxbrew/Cellar/neovim/0.10.3/share/nvim/runtime/lua/vim/_meta/api.lua , size = 97.323 KB
[17:02:11.125][info] [#0:script/workspace/loading.lua:113]: ++++As library of:	file:///home/linuxbrew/.linuxbrew/Cellar/neovim/0.10.3/share/nvim/runtime/lua
[17:02:11.125][info] [#0:script/workspace/loading.lua:101]: Preload file at: file:///home/linuxbrew/.linuxbrew/Cellar/neovim/0.10.3/share/nvim/runtime/lua/vim/_meta/options.lua , size = 323.972 KB
[17:02:11.256][info] [#0:script/workspace/loading.lua:113]: ++++As library of:	file:///home/linuxbrew/.linuxbrew/Cellar/neovim/0.10.3/share/nvim/runtime/lua
[17:02:11.257][info] [#0:script/workspace/loading.lua:101]: Preload file at: file:///home/linuxbrew/.linuxbrew/Cellar/neovim/0.10.3/share/nvim/runtime/lua/vim/_meta/base64.lua , size = 0.307 KB
[17:02:11.258][info] [#0:script/workspace/loading.lua:113]: ++++As library of:	file:///home/linuxbrew/.linuxbrew/Cellar/neovim/0.10.3/share/nvim/runtime/lua
[17:02:11.258][info] [#0:script/workspace/loading.lua:101]: Preload file at: file:///home/linuxbrew/.linuxbrew/Cellar/neovim/0.10.3/share/nvim/runtime/lua/vim/_meta/regex.lua , size = 1.347 KB
[17:02:11.259][info] [#0:script/workspace/loading.lua:113]: ++++As library of:	file:///home/linuxbrew/.linuxbrew/Cellar/neovim/0.10.3/share/nvim/runtime/lua
[17:02:11.259][info] [#0:script/workspace/loading.lua:101]: Preload file at: file:///home/linuxbrew/.linuxbrew/Cellar/neovim/0.10.3/share/nvim/runtime/lua/vim/_meta/builtin_types.lua , size = 3.362 KB
[17:02:11.261][info] [#0:script/workspace/loading.lua:113]: ++++As library of:	file:///home/linuxbrew/.linuxbrew/Cellar/neovim/0.10.3/share/nvim/runtime/lua
[17:02:11.261][info] [#0:script/workspace/loading.lua:101]: Preload file at: file:///home/linuxbrew/.linuxbrew/Cellar/neovim/0.10.3/share/nvim/runtime/lua/vim/_meta/spell.lua , size = 0.943 KB
[17:02:11.262][info] [#0:script/workspace/loading.lua:113]: ++++As library of:	file:///home/linuxbrew/.linuxbrew/Cellar/neovim/0.10.3/share/nvim/runtime/lua
[17:02:11.262][info] [#0:script/workspace/loading.lua:101]: Preload file at: file:///home/linuxbrew/.linuxbrew/Cellar/neovim/0.10.3/share/nvim/runtime/lua/vim/_meta/vvars.lua , size = 25.272 KB
[17:02:11.268][info] [#0:script/workspace/loading.lua:113]: ++++As library of:	file:///home/linuxbrew/.linuxbrew/Cellar/neovim/0.10.3/share/nvim/runtime/lua
[17:02:11.269][info] [#0:script/workspace/loading.lua:101]: Preload file at: file:///home/linuxbrew/.linuxbrew/Cellar/neovim/0.10.3/share/nvim/runtime/lua/vim/_meta/builtin.lua , size = 11.183 KB
[17:02:11.273][info] [#0:script/workspace/loading.lua:113]: ++++As library of:	file:///home/linuxbrew/.linuxbrew/Cellar/neovim/0.10.3/share/nvim/runtime/lua
[17:02:11.273][info] [#0:script/workspace/loading.lua:101]: Preload file at: file:///home/linuxbrew/.linuxbrew/Cellar/neovim/0.10.3/share/nvim/runtime/lua/vim/_meta/json.lua , size = 1.359 KB
[17:02:11.274][info] [#0:script/workspace/loading.lua:113]: ++++As library of:	file:///home/linuxbrew/.linuxbrew/Cellar/neovim/0.10.3/share/nvim/runtime/lua
[17:02:11.274][info] [#0:script/workspace/loading.lua:101]: Preload file at: file:///home/linuxbrew/.linuxbrew/Cellar/neovim/0.10.3/share/nvim/runtime/lua/vim/treesitter.lua , size = 14.036 KB
[17:02:11.281][info] [#0:script/workspace/loading.lua:113]: ++++As library of:	file:///home/linuxbrew/.linuxbrew/Cellar/neovim/0.10.3/share/nvim/runtime/lua
[17:02:11.281][info] [#0:script/workspace/loading.lua:101]: Preload file at: file:///home/linuxbrew/.linuxbrew/Cellar/neovim/0.10.3/share/nvim/runtime/lua/vim/_meta/vimfn.lua , size = 398.838 KB
[17:02:11.395][info] [#0:script/workspace/loading.lua:113]: ++++As library of:	file:///home/linuxbrew/.linuxbrew/Cellar/neovim/0.10.3/share/nvim/runtime/lua
[17:02:11.396][info] [#0:script/workspace/loading.lua:101]: Preload file at: file:///home/linuxbrew/.linuxbrew/Cellar/neovim/0.10.3/share/nvim/runtime/lua/vim/_init_packages.lua , size = 3.023 KB
[17:02:11.398][info] [#0:script/workspace/loading.lua:113]: ++++As library of:	file:///home/linuxbrew/.linuxbrew/Cellar/neovim/0.10.3/share/nvim/runtime/lua
[17:02:11.398][info] [#0:script/workspace/loading.lua:101]: Preload file at: file:///home/linuxbrew/.linuxbrew/Cellar/neovim/0.10.3/share/nvim/runtime/lua/vim/termcap.lua , size = 3.103 KB
[17:02:11.400][info] [#0:script/workspace/loading.lua:113]: ++++As library of:	file:///home/linuxbrew/.linuxbrew/Cellar/neovim/0.10.3/share/nvim/runtime/lua
[17:02:11.400][info] [#0:script/workspace/loading.lua:101]: Preload file at: file:///home/linuxbrew/.linuxbrew/Cellar/neovim/0.10.3/share/nvim/runtime/lua/vim/_system.lua , size = 9.216 KB
[17:02:11.406][info] [#0:script/workspace/loading.lua:113]: ++++As library of:	file:///home/linuxbrew/.linuxbrew/Cellar/neovim/0.10.3/share/nvim/runtime/lua
[17:02:11.406][info] [#0:script/workspace/loading.lua:101]: Preload file at: file:///home/linuxbrew/.linuxbrew/Cellar/neovim/0.10.3/share/nvim/runtime/lua/vim/filetype.lua , size = 68.524 KB
[17:02:11.437][info] [#0:script/workspace/loading.lua:113]: ++++As library of:	file:///home/linuxbrew/.linuxbrew/Cellar/neovim/0.10.3/share/nvim/runtime/lua
[17:02:11.437][info] [#0:script/workspace/loading.lua:101]: Preload file at: file:///home/linuxbrew/.linuxbrew/Cellar/neovim/0.10.3/share/nvim/runtime/lua/vim/secure.lua , size = 5.018 KB
[17:02:11.440][info] [#0:script/workspace/loading.lua:113]: ++++As library of:	file:///home/linuxbrew/.linuxbrew/Cellar/neovim/0.10.3/share/nvim/runtime/lua
[17:02:11.441][info] [#0:script/workspace/loading.lua:101]: Preload file at: file:///home/linuxbrew/.linuxbrew/Cellar/neovim/0.10.3/share/nvim/runtime/lua/vim/version.lua , size = 13.605 KB
[17:02:11.501][info] [#0:script/workspace/loading.lua:113]: ++++As library of:	file:///home/linuxbrew/.linuxbrew/Cellar/neovim/0.10.3/share/nvim/runtime/lua
[17:02:11.501][info] [#0:script/workspace/loading.lua:101]: Preload file at: file:///home/linuxbrew/.linuxbrew/Cellar/neovim/0.10.3/share/nvim/runtime/lua/vim/snippet.lua , size = 20.081 KB
[17:02:11.513][info] [#0:script/workspace/loading.lua:113]: ++++As library of:	file:///home/linuxbrew/.linuxbrew/Cellar/neovim/0.10.3/share/nvim/runtime/lua
[17:02:11.513][info] [#0:script/workspace/loading.lua:101]: Preload file at: file:///home/linuxbrew/.linuxbrew/Cellar/neovim/0.10.3/share/nvim/runtime/lua/vim/treesitter/_meta.lua , size = 4.483 KB
[17:02:11.516][info] [#0:script/workspace/loading.lua:113]: ++++As library of:	file:///home/linuxbrew/.linuxbrew/Cellar/neovim/0.10.3/share/nvim/runtime/lua
[17:02:11.516][info] [#0:script/workspace/loading.lua:101]: Preload file at: file:///home/linuxbrew/.linuxbrew/Cellar/neovim/0.10.3/share/nvim/runtime/lua/vim/lsp.lua , size = 40.430 KB
[17:02:11.545][info] [#0:script/workspace/loading.lua:113]: ++++As library of:	file:///home/linuxbrew/.linuxbrew/Cellar/neovim/0.10.3/share/nvim/runtime/lua
[17:02:11.548][info] [#0:script/workspace/loading.lua:101]: Preload file at: file:///home/linuxbrew/.linuxbrew/Cellar/neovim/0.10.3/share/nvim/runtime/lua/vim/treesitter/dev.lua , size = 19.644 KB
[17:02:11.559][info] [#0:script/workspace/loading.lua:113]: ++++As library of:	file:///home/linuxbrew/.linuxbrew/Cellar/neovim/0.10.3/share/nvim/runtime/lua
[17:02:11.560][info] [#0:script/workspace/loading.lua:101]: Preload file at: file:///home/linuxbrew/.linuxbrew/Cellar/neovim/0.10.3/share/nvim/runtime/lua/vim/treesitter/language.lua , size = 3.684 KB
[17:02:11.562][info] [#0:script/workspace/loading.lua:113]: ++++As library of:	file:///home/linuxbrew/.linuxbrew/Cellar/neovim/0.10.3/share/nvim/runtime/lua
[17:02:11.562][info] [#0:script/workspace/loading.lua:101]: Preload file at: file:///home/linuxbrew/.linuxbrew/Cellar/neovim/0.10.3/share/nvim/runtime/lua/vim/treesitter/_range.lua , size = 3.869 KB
[17:02:11.565][info] [#0:script/workspace/loading.lua:113]: ++++As library of:	file:///home/linuxbrew/.linuxbrew/Cellar/neovim/0.10.3/share/nvim/runtime/lua
[17:02:11.565][info] [#0:script/workspace/loading.lua:101]: Preload file at: file:///home/linuxbrew/.linuxbrew/Cellar/neovim/0.10.3/share/nvim/runtime/lua/vim/treesitter/highlighter.lua , size = 11.811 KB
[17:02:11.571][info] [#0:script/workspace/loading.lua:113]: ++++As library of:	file:///home/linuxbrew/.linuxbrew/Cellar/neovim/0.10.3/share/nvim/runtime/lua
[17:02:11.571][info] [#0:script/workspace/loading.lua:101]: Preload file at: file:///home/linuxbrew/.linuxbrew/Cellar/neovim/0.10.3/share/nvim/runtime/lua/vim/treesitter/_fold.lua , size = 14.081 KB
[17:02:11.577][info] [#0:script/workspace/loading.lua:113]: ++++As library of:	file:///home/linuxbrew/.linuxbrew/Cellar/neovim/0.10.3/share/nvim/runtime/lua
[17:02:11.579][info] [#0:script/workspace/loading.lua:101]: Preload file at: file:///home/linuxbrew/.linuxbrew/Cellar/neovim/0.10.3/share/nvim/runtime/lua/vim/treesitter/_query_linter.lua , size = 7.627 KB
[17:02:11.584][info] [#0:script/workspace/loading.lua:113]: ++++As library of:	file:///home/linuxbrew/.linuxbrew/Cellar/neovim/0.10.3/share/nvim/runtime/lua
[17:02:11.585][info] [#0:script/workspace/loading.lua:101]: Preload file at: file:///home/linuxbrew/.linuxbrew/Cellar/neovim/0.10.3/share/nvim/runtime/lua/vim/treesitter/languagetree.lua , size = 33.292 KB
[17:02:11.600][info] [#0:script/workspace/loading.lua:113]: ++++As library of:	file:///home/linuxbrew/.linuxbrew/Cellar/neovim/0.10.3/share/nvim/runtime/lua
[17:02:11.600][info] [#0:script/workspace/loading.lua:101]: Preload file at: file:///home/linuxbrew/.linuxbrew/Cellar/neovim/0.10.3/share/nvim/runtime/lua/vim/treesitter/query.lua , size = 32.301 KB
[17:02:11.614][info] [#0:script/workspace/loading.lua:113]: ++++As library of:	file:///home/linuxbrew/.linuxbrew/Cellar/neovim/0.10.3/share/nvim/runtime/lua
[17:02:11.614][info] [#0:script/workspace/loading.lua:101]: Preload file at: file:///home/linuxbrew/.linuxbrew/Cellar/neovim/0.10.3/share/nvim/runtime/lua/vim/treesitter/health.lua , size = 0.856 KB
[17:02:11.615][info] [#0:script/workspace/loading.lua:113]: ++++As library of:	file:///home/linuxbrew/.linuxbrew/Cellar/neovim/0.10.3/share/nvim/runtime/lua
[17:02:11.615][info] [#0:script/workspace/loading.lua:101]: Preload file at: file:///home/linuxbrew/.linuxbrew/Cellar/neovim/0.10.3/share/nvim/runtime/lua/vim/ui/clipboard/osc52.lua , size = 2.137 KB
[17:02:11.616][info] [#0:script/workspace/loading.lua:113]: ++++As library of:	file:///home/linuxbrew/.linuxbrew/Cellar/neovim/0.10.3/share/nvim/runtime/lua
[17:02:11.616][info] [#0:script/workspace/loading.lua:101]: Preload file at: file:///home/linuxbrew/.linuxbrew/Cellar/neovim/0.10.3/share/nvim/runtime/lua/vim/health.lua , size = 12.684 KB
[17:02:11.623][info] [#0:script/workspace/loading.lua:113]: ++++As library of:	file:///home/linuxbrew/.linuxbrew/Cellar/neovim/0.10.3/share/nvim/runtime/lua
[17:02:11.623][info] [#0:script/workspace/loading.lua:101]: Preload file at: file:///home/linuxbrew/.linuxbrew/Cellar/neovim/0.10.3/share/nvim/runtime/lua/vim/func/_memoize.lua , size = 1.354 KB
[17:02:11.624][info] [#0:script/workspace/loading.lua:113]: ++++As library of:	file:///home/linuxbrew/.linuxbrew/Cellar/neovim/0.10.3/share/nvim/runtime/lua
[17:02:11.624][info] [#0:script/workspace/loading.lua:101]: Preload file at: file:///home/linuxbrew/.linuxbrew/Cellar/neovim/0.10.3/share/nvim/runtime/lua/vim/_editor.lua , size = 34.475 KB
[17:02:11.641][info] [#0:script/workspace/loading.lua:113]: ++++As library of:	file:///home/linuxbrew/.linuxbrew/Cellar/neovim/0.10.3/share/nvim/runtime/lua
[17:02:11.646][info] [#0:script/workspace/loading.lua:101]: Preload file at: file:///home/linuxbrew/.linuxbrew/Cellar/neovim/0.10.3/share/nvim/runtime/lua/vim/uri.lua , size = 3.571 KB
[17:02:11.648][info] [#0:script/workspace/loading.lua:113]: ++++As library of:	file:///home/linuxbrew/.linuxbrew/Cellar/neovim/0.10.3/share/nvim/runtime/lua
[17:02:11.649][info] [#0:script/workspace/loading.lua:101]: Preload file at: file:///home/linuxbrew/.linuxbrew/Cellar/neovim/0.10.3/share/nvim/runtime/lua/vim/F.lua , size = 1.076 KB
[17:02:11.649][info] [#0:script/workspace/loading.lua:113]: ++++As library of:	file:///home/linuxbrew/.linuxbrew/Cellar/neovim/0.10.3/share/nvim/runtime/lua
[17:02:11.650][info] [#0:script/workspace/loading.lua:101]: Preload file at: file:///home/linuxbrew/.linuxbrew/Cellar/neovim/0.10.3/share/nvim/runtime/lua/provider/perl/health.lua , size = 2.752 KB
[17:02:11.651][info] [#0:script/workspace/loading.lua:113]: ++++As library of:	file:///home/linuxbrew/.linuxbrew/Cellar/neovim/0.10.3/share/nvim/runtime/lua
[17:02:11.651][info] [#0:script/workspace/loading.lua:101]: Preload file at: file:///home/linuxbrew/.linuxbrew/Cellar/neovim/0.10.3/share/nvim/runtime/lua/provider/python/health.lua , size = 16.369 KB
[17:02:11.658][info] [#0:script/workspace/loading.lua:113]: ++++As library of:	file:///home/linuxbrew/.linuxbrew/Cellar/neovim/0.10.3/share/nvim/runtime/lua
[17:02:11.658][info] [#0:script/workspace/loading.lua:101]: Preload file at: file:///home/linuxbrew/.linuxbrew/Cellar/neovim/0.10.3/share/nvim/runtime/lua/provider/node/health.lua , size = 3.375 KB
[17:02:11.660][info] [#0:script/workspace/loading.lua:113]: ++++As library of:	file:///home/linuxbrew/.linuxbrew/Cellar/neovim/0.10.3/share/nvim/runtime/lua
[17:02:11.660][info] [#0:script/workspace/loading.lua:101]: Preload file at: file:///home/linuxbrew/.linuxbrew/Cellar/neovim/0.10.3/share/nvim/runtime/lua/provider/clipboard/health.lua , size = 1.151 KB
[17:02:11.660][info] [#0:script/workspace/loading.lua:113]: ++++As library of:	file:///home/linuxbrew/.linuxbrew/Cellar/neovim/0.10.3/share/nvim/runtime/lua
[17:02:11.660][info] [#0:script/workspace/loading.lua:101]: Preload file at: file:///home/linuxbrew/.linuxbrew/Cellar/neovim/0.10.3/share/nvim/runtime/lua/provider/ruby/health.lua , size = 2.211 KB
[17:02:11.662][info] [#0:script/workspace/loading.lua:113]: ++++As library of:	file:///home/linuxbrew/.linuxbrew/Cellar/neovim/0.10.3/share/nvim/runtime/lua
[17:02:11.662][info] [#0:script/workspace/loading.lua:101]: Preload file at: file:///home/linuxbrew/.linuxbrew/Cellar/neovim/0.10.3/share/nvim/runtime/lua/coxpcall.lua , size = 3.451 KB
[17:02:11.664][info] [#0:script/workspace/loading.lua:113]: ++++As library of:	file:///home/linuxbrew/.linuxbrew/Cellar/neovim/0.10.3/share/nvim/runtime/lua
[17:02:11.664][info] [#0:script/workspace/loading.lua:101]: Preload file at: file:///home/linuxbrew/.linuxbrew/Cellar/neovim/0.10.3/share/nvim/runtime/lua/_vim9script.lua , size = 15.418 KB
[17:02:11.671][info] [#0:script/workspace/loading.lua:113]: ++++As library of:	file:///home/linuxbrew/.linuxbrew/Cellar/neovim/0.10.3/share/nvim/runtime/lua
[17:02:11.671][info] [#0:script/workspace/loading.lua:101]: Preload file at: file:///home/linuxbrew/.linuxbrew/Cellar/neovim/0.10.3/share/nvim/runtime/lua/tohtml.lua , size = 42.432 KB
[17:02:11.695][info] [#0:script/workspace/loading.lua:113]: ++++As library of:	file:///home/linuxbrew/.linuxbrew/Cellar/neovim/0.10.3/share/nvim/runtime/lua
[17:02:11.695][info] [#0:script/workspace/loading.lua:101]: Preload file at: file:///home/linuxbrew/.linuxbrew/Cellar/neovim/0.10.3/share/nvim/runtime/lua/man.lua , size = 23.687 KB
[17:02:11.707][info] [#0:script/workspace/loading.lua:113]: ++++As library of:	file:///home/linuxbrew/.linuxbrew/Cellar/neovim/0.10.3/share/nvim/runtime/lua
[17:02:11.707][info] [#0:script/workspace/loading.lua:101]: Preload file at: file:///home/linuxbrew/.linuxbrew/Cellar/neovim/0.10.3/share/nvim/runtime/lua/nvim/health.lua , size = 12.509 KB
[17:02:11.713][info] [#0:script/workspace/loading.lua:113]: ++++As library of:	file:///home/linuxbrew/.linuxbrew/Cellar/neovim/0.10.3/share/nvim/runtime/lua
[17:02:11.714][info] [#0:script/workspace/loading.lua:101]: Preload file at: file:///home/gabrielavf/.local/share/nvim/mason/packages/lua-language-server/libexec/meta/LuaJIT%20en-us%20utf8/math.lua , size = 7.949 KB
[17:02:11.718][info] [#0:script/workspace/loading.lua:113]: ++++As library of:	file:///home/gabrielavf/.local/share/nvim/mason/packages/lua-language-server/libexec/meta/LuaJIT%20en-us%20utf8/math.lua
[17:02:11.718][info] [#0:script/workspace/loading.lua:101]: Preload file at: file:///home/gabrielavf/.local/share/nvim/mason/packages/lua-language-server/libexec/meta/LuaJIT%20en-us%20utf8/os.lua , size = 5.600 KB
[17:02:11.720][info] [#0:script/workspace/loading.lua:113]: ++++As library of:	file:///home/gabrielavf/.local/share/nvim/mason/packages/lua-language-server/libexec/meta/LuaJIT%20en-us%20utf8/os.lua
[17:02:11.722][info] [#0:script/workspace/loading.lua:101]: Preload file at: file:///home/gabrielavf/.local/share/nvim/mason/packages/lua-language-server/libexec/meta/LuaJIT%20en-us%20utf8/table.lua , size = 4.235 KB
[17:02:11.724][info] [#0:script/workspace/loading.lua:113]: ++++As library of:	file:///home/gabrielavf/.local/share/nvim/mason/packages/lua-language-server/libexec/meta/LuaJIT%20en-us%20utf8/table.lua
[17:02:11.725][info] [#0:script/workspace/loading.lua:101]: Preload file at: file:///home/gabrielavf/.local/share/nvim/lazy/codeium.nvim/lua/codeium/io.lua , size = 9.583 KB
[17:02:11.731][info] [#0:script/workspace/loading.lua:113]: ++++As library of:	file:///home/gabrielavf/.local/share/nvim/lazy/codeium.nvim/lua
[17:02:11.731][info] [#0:script/workspace/loading.lua:101]: Preload file at: file:///home/gabrielavf/.local/share/nvim/lazy/codeium.nvim/lua/codeium/versions.lua , size = 0.919 KB
[17:02:11.731][info] [#0:script/workspace/loading.lua:113]: ++++As library of:	file:///home/gabrielavf/.local/share/nvim/lazy/codeium.nvim/lua
[17:02:11.731][info] [#0:script/workspace/loading.lua:101]: Preload file at: file:///home/gabrielavf/.local/share/nvim/lazy/codeium.nvim/lua/codeium/log.lua , size = 0.132 KB
[17:02:11.731][info] [#0:script/workspace/loading.lua:113]: ++++As library of:	file:///home/gabrielavf/.local/share/nvim/lazy/codeium.nvim/lua
[17:02:11.731][info] [#0:script/workspace/loading.lua:101]: Preload file at: file:///home/gabrielavf/.local/share/nvim/lazy/codeium.nvim/lua/codeium/config.lua , size = 2.086 KB
[17:02:11.733][info] [#0:script/workspace/loading.lua:113]: ++++As library of:	file:///home/gabrielavf/.local/share/nvim/lazy/codeium.nvim/lua
[17:02:11.733][info] [#0:script/workspace/loading.lua:101]: Preload file at: file:///home/gabrielavf/.local/share/nvim/lazy/codeium.nvim/lua/codeium/views/auth-menu.lua , size = 2.069 KB
[17:02:11.734][info] [#0:script/workspace/loading.lua:113]: ++++As library of:	file:///home/gabrielavf/.local/share/nvim/lazy/codeium.nvim/lua
[17:02:11.734][info] [#0:script/workspace/loading.lua:89]: Skip loaded file: file:///home/gabrielavf/.local/share/nvim/lazy/codeium.nvim/lua/codeium/init.lua
[17:02:11.734][info] [#0:script/workspace/loading.lua:113]: ++++As library of:	file:///home/gabrielavf/.local/share/nvim/lazy/codeium.nvim/lua
[17:02:11.735][info] [#0:script/workspace/loading.lua:101]: Preload file at: file:///home/gabrielavf/.local/share/nvim/lazy/codeium.nvim/lua/codeium/api.lua , size = 12.490 KB
[17:02:11.740][info] [#0:script/workspace/loading.lua:113]: ++++As library of:	file:///home/gabrielavf/.local/share/nvim/lazy/codeium.nvim/lua
[17:02:11.741][info] [#0:script/workspace/loading.lua:101]: Preload file at: file:///home/gabrielavf/.local/share/nvim/lazy/codeium.nvim/lua/codeium/notify.lua , size = 0.606 KB
[17:02:11.741][info] [#0:script/workspace/loading.lua:113]: ++++As library of:	file:///home/gabrielavf/.local/share/nvim/lazy/codeium.nvim/lua
[17:02:11.741][info] [#0:script/workspace/loading.lua:101]: Preload file at: file:///home/gabrielavf/.local/share/nvim/lazy/codeium.nvim/lua/codeium/virtual_text.lua , size = 13.938 KB
[17:02:11.750][info] [#0:script/workspace/loading.lua:113]: ++++As library of:	file:///home/gabrielavf/.local/share/nvim/lazy/codeium.nvim/lua
[17:02:11.750][info] [#0:script/workspace/loading.lua:101]: Preload file at: file:///home/gabrielavf/.local/share/nvim/lazy/codeium.nvim/lua/codeium/enums.lua , size = 1.121 KB
[17:02:11.751][info] [#0:script/workspace/loading.lua:113]: ++++As library of:	file:///home/gabrielavf/.local/share/nvim/lazy/codeium.nvim/lua
[17:02:11.751][info] [#0:script/workspace/loading.lua:101]: Preload file at: file:///home/gabrielavf/.local/share/nvim/lazy/codeium.nvim/lua/codeium/util.lua , size = 3.091 KB
[17:02:11.753][info] [#0:script/workspace/loading.lua:113]: ++++As library of:	file:///home/gabrielavf/.local/share/nvim/lazy/codeium.nvim/lua
[17:02:11.753][info] [#0:script/workspace/loading.lua:101]: Preload file at: file:///home/gabrielavf/.local/share/nvim/lazy/codeium.nvim/lua/codeium/source.lua , size = 5.115 KB
[17:02:11.757][info] [#0:script/workspace/loading.lua:113]: ++++As library of:	file:///home/gabrielavf/.local/share/nvim/lazy/codeium.nvim/lua
[17:02:11.757][info] [#0:script/workspace/loading.lua:101]: Preload file at: file:///home/gabrielavf/.local/share/nvim/lazy/codeium.nvim/lua/codeium/update.lua , size = 3.432 KB
[17:02:11.759][info] [#0:script/workspace/loading.lua:113]: ++++As library of:	file:///home/gabrielavf/.local/share/nvim/lazy/codeium.nvim/lua
[17:02:11.861][info] [#0:script/workspace/loading.lua:101]: Preload file at: file:///home/gabrielavf/.local/share/nvim/lazy/codeium.nvim/lua/codeium/health.lua , size = 1.034 KB
[17:02:11.862][info] [#0:script/workspace/loading.lua:113]: ++++As library of:	file:///home/gabrielavf/.local/share/nvim/lazy/codeium.nvim/lua
[17:02:11.963][info] [#0:script/workspace/loading.lua:173]: Loaded files takes [1.239] sec: file:///home/gabrielavf/.local/share/nvim/lazy/codeium.nvim
[17:02:11.963][info] [#0:script/workspace/loading.lua:182]: Compile files takes [0.000] sec: file:///home/gabrielavf/.local/share/nvim/lazy/codeium.nvim
[17:02:11.963][info] [#0:script/workspace/loading.lua:183]: Loaded finish:	file:///home/gabrielavf/.local/share/nvim/lazy/codeium.nvim
[17:02:11.963][info] [#0:script/workspace/workspace.lua:381]: Preload finish at:	file:///home/gabrielavf/.local/share/nvim/lazy/codeium.nvim
[17:02:11.985][warn] [#0:script/proto/proto.lua:189]: Method [textDocument/didOpen] takes [1.312]sec. {
  jsonrpc = "2.0",
  method = "textDocument/didOpen",
  params = {
    textDocument = {
      languageId = "lua",
      text = '"***"',
      uri = "file:///home/gabrielavf/.local/share/nvim/lazy/codeium.nvim/lua/codeium/init.lua",
      version = 0
    }
  }
}
[17:02:12.004][info] [#0:script/provider/diagnostic.lua:560]: Diagnostics scope [file:///home/gabrielavf/.local/share/nvim/lazy/codeium.nvim], files count:[148]
[17:02:12.016][warn] [#0:script/proto/proto.lua:189]: Method [textDocument/semanticTokens/full] takes [1.309]sec. {
  id = 16,
  jsonrpc = "2.0",
  method = "textDocument/semanticTokens/full",
  params = {
    textDocument = {
      uri = "file:///home/gabrielavf/.local/share/nvim/lazy/codeium.nvim/lua/codeium/init.lua"
    }
  }
}
[17:02:12.037][warn] [#0:script/proto/proto.lua:189]: Method [textDocument/inlayHint] takes [1.317]sec. {
  id = 7,
  jsonrpc = "2.0",
  method = "textDocument/inlayHint",
  params = {
    range = {
      end = {
        character = 0,
        line = 48
      },
      start = {
        character = 0,
        line = 0
      }
    },
    textDocument = {
      uri = "file:///home/gabrielavf/.local/share/nvim/lazy/codeium.nvim/lua/codeium/init.lua"
    }
  }
}
[17:02:12.038][warn] [#0:script/proto/proto.lua:189]: Method [textDocument/inlayHint] takes [1.317]sec. {
  id = 9,
  jsonrpc = "2.0",
  method = "textDocument/inlayHint",
  params = {
    range = {
      end = {
        character = 0,
        line = 48
      },
      start = {
        character = 0,
        line = 0
      }
    },
    textDocument = {
      uri = "file:///home/gabrielavf/.local/share/nvim/lazy/codeium.nvim/lua/codeium/init.lua"
    }
  }
}
[17:02:12.038][warn] [#0:script/proto/proto.lua:189]: Method [textDocument/inlayHint] takes [1.318]sec. {
  id = 11,
  jsonrpc = "2.0",
  method = "textDocument/inlayHint",
  params = {
    range = {
      end = {
        character = 0,
        line = 48
      },
      start = {
        character = 0,
        line = 0
      }
    },
    textDocument = {
      uri = "file:///home/gabrielavf/.local/share/nvim/lazy/codeium.nvim/lua/codeium/init.lua"
    }
  }
}
[17:02:12.038][warn] [#0:script/proto/proto.lua:189]: Method [textDocument/inlayHint] takes [1.318]sec. {
  id = 13,
  jsonrpc = "2.0",
  method = "textDocument/inlayHint",
  params = {
    range = {
      end = {
        character = 0,
        line = 48
      },
      start = {
        character = 0,
        line = 0
      }
    },
    textDocument = {
      uri = "file:///home/gabrielavf/.local/share/nvim/lazy/codeium.nvim/lua/codeium/init.lua"
    }
  }
}
[17:02:12.039][warn] [#0:script/proto/proto.lua:189]: Method [textDocument/inlayHint] takes [1.318]sec. {
  id = 15,
  jsonrpc = "2.0",
  method = "textDocument/inlayHint",
  params = {
    range = {
      end = {
        character = 0,
        line = 48
      },
      start = {
        character = 0,
        line = 0
      }
    },
    textDocument = {
      uri = "file:///home/gabrielavf/.local/share/nvim/lazy/codeium.nvim/lua/codeium/init.lua"
    }
  }
}
[17:02:12.039][warn] [#0:script/proto/proto.lua:189]: Method [textDocument/inlayHint] takes [1.318]sec. {
  id = 17,
  jsonrpc = "2.0",
  method = "textDocument/inlayHint",
  params = {
    range = {
      end = {
        character = 0,
        line = 48
      },
      start = {
        character = 0,
        line = 0
      }
    },
    textDocument = {
      uri = "file:///home/gabrielavf/.local/share/nvim/lazy/codeium.nvim/lua/codeium/init.lua"
    }
  }
}
[17:02:12.039][warn] [#0:script/proto/proto.lua:189]: Method [textDocument/documentSymbol] takes [1.348]sec. {
  id = 5,
  jsonrpc = "2.0",
  method = "textDocument/documentSymbol",
  params = {
    textDocument = {
      uri = "file:///home/gabrielavf/.local/share/nvim/lazy/codeium.nvim/lua/codeium/init.lua"
    }
  }
}
[17:02:12.108][info] [#0:script/provider/diagnostic.lua:577]: Diagnostics scope [file:///home/gabrielavf/.local/share/nvim/lazy/codeium.nvim] finished, takes [0.049] sec.
[17:03:36.913][info] [#0:script/provider/provider.lua:174]: Server shutdown.
[17:03:37.014][warn] [#0:script/pub/report.lua:25]: Load proto error:	Disconnected!
